2015-11-05T02:28:44.892Z - verbose: [36mverbose: [39mlogger hook loaded successfully.
2015-11-05T02:28:44.894Z - verbose: [36mverbose: [39mrequest hook loaded successfully.
2015-11-05T02:28:44.895Z - verbose: [36mverbose: [39mLoading the app's models and adapters...
2015-11-05T02:28:44.895Z - verbose: [36mverbose: [39mLoading app models...
2015-11-05T02:28:44.952Z - verbose: [36mverbose: [39mLoading app adapters...
2015-11-05T02:28:44.954Z - verbose: [36mverbose: [39mLoading blueprint middleware...
2015-11-05T02:28:45.434Z - verbose: [36mverbose: [39mblueprints hook loaded successfully.
2015-11-05T02:28:45.435Z - verbose: [36mverbose: [39mresponses hook loaded successfully.
2015-11-05T02:28:45.499Z - verbose: [36mverbose: [39mcontrollers hook loaded successfully.
2015-11-05T02:28:45.502Z - verbose: [36mverbose: [39mLoading policy modules from app...
2015-11-05T02:28:45.522Z - verbose: [36mverbose: [39mFinished loading policy middleware logic.
2015-11-05T02:28:45.522Z - verbose: [36mverbose: [39mpolicies hook loaded successfully.
2015-11-05T02:28:45.522Z - verbose: [36mverbose: [39mservices hook loaded successfully.
2015-11-05T02:28:45.523Z - verbose: [36mverbose: [39mcors hook loaded successfully.
2015-11-05T02:28:46.359Z - verbose: [36mverbose: [39mhttp hook loaded successfully.
2015-11-05T02:28:46.360Z - verbose: [36mverbose: [39mPreparing socket.io...
2015-11-05T02:28:46.466Z - verbose: [36mverbose: [39msockets hook loaded successfully.
2015-11-05T02:28:46.466Z - verbose: [36mverbose: [39mpluralize-only-rest-models hook loaded successfully.
2015-11-05T02:28:46.467Z - verbose: [36mverbose: [39mcron hook loaded successfully.
2015-11-05T02:28:48.475Z - verbose: [36mverbose: [39morm hook loaded successfully.
2015-11-05T02:28:48.476Z - verbose: [36mverbose: [39mBuilt-in hooks are ready.
2015-11-05T02:28:48.477Z - verbose: [36mverbose: [39mInstantiating registry...
2015-11-05T02:28:48.478Z - verbose: [36mverbose: [39mLoading router...
2015-11-05T02:28:48.480Z - silly: [31ms[39m[33mi[39m[32ml[39m[34ml[39m[35my[39m[31m:[39m Binding route ::  all /* (REQUEST HOOK: addMixins)
2015-11-05T02:28:48.484Z - silly: [31ms[39m[33mi[39m[32ml[39m[34ml[39m[35my[39m[31m:[39m Binding route ::  all /* (RESPONSES HOOK: addResponseMethods)
2015-11-05T02:28:48.488Z - verbose: [36mverbose: [39mPolicy-controller bindings complete!
2015-11-05T02:28:48.489Z - silly: [31ms[39m[33mi[39m[32ml[39m[34ml[39m[35my[39m[31m:[39m Binding route ::  all /* (CORS HOOK: sendHeaders)
2015-11-05T02:28:48.496Z - silly: [31ms[39m[33mi[39m[32ml[39m[34ml[39m[35my[39m[31m:[39m Binding route ::  get /v1/countries (POLICY: alwaysAllow)
2015-11-05T02:28:48.497Z - silly: [31ms[39m[33mi[39m[32ml[39m[34ml[39m[35my[39m[31m:[39m Binding route ::  get /v1/countries (ACTION: world/findcountries)
2015-11-05T02:28:48.498Z - silly: [31ms[39m[33mi[39m[32ml[39m[34ml[39m[35my[39m[31m:[39m Binding route ::  get /v1/countries/:country_id/states (POLICY: alwaysAllow)
2015-11-05T02:28:48.499Z - silly: [31ms[39m[33mi[39m[32ml[39m[34ml[39m[35my[39m[31m:[39m Binding route ::  get /v1/countries/:country_id/states (ACTION: world/findstatesbycountry)
2015-11-05T02:28:48.500Z - silly: [31ms[39m[33mi[39m[32ml[39m[34ml[39m[35my[39m[31m:[39m Binding route ::  get /__getcookie (SOCKETS HOOK)
2015-11-05T02:28:48.503Z - silly: [31ms[39m[33mi[39m[32ml[39m[34ml[39m[35my[39m[31m:[39m Binding action (signin) blueprint/shadow route for controller: auth
2015-11-05T02:28:48.504Z - silly: [31ms[39m[33mi[39m[32ml[39m[34ml[39m[35my[39m[31m:[39m Binding route ::   /v1/auth/signin/:id? (POLICY: alwaysAllow)
2015-11-05T02:28:48.505Z - silly: [31ms[39m[33mi[39m[32ml[39m[34ml[39m[35my[39m[31m:[39m Binding route ::   /v1/auth/signin/:id? (ACTION: auth/signin)
2015-11-05T02:28:48.507Z - silly: [31ms[39m[33mi[39m[32ml[39m[34ml[39m[35my[39m[31m:[39m Binding action (signup) blueprint/shadow route for controller: auth
2015-11-05T02:28:48.508Z - silly: [31ms[39m[33mi[39m[32ml[39m[34ml[39m[35my[39m[31m:[39m Binding route ::   /v1/auth/signup/:id? (POLICY: alwaysAllow)
2015-11-05T02:28:48.509Z - silly: [31ms[39m[33mi[39m[32ml[39m[34ml[39m[35my[39m[31m:[39m Binding route ::   /v1/auth/signup/:id? (ACTION: auth/signup)
2015-11-05T02:28:48.510Z - silly: [31ms[39m[33mi[39m[32ml[39m[34ml[39m[35my[39m[31m:[39m Binding action (social) blueprint/shadow route for controller: auth
2015-11-05T02:28:48.511Z - silly: [31ms[39m[33mi[39m[32ml[39m[34ml[39m[35my[39m[31m:[39m Binding route ::   /v1/auth/social/:id? (POLICY: alwaysAllow)
2015-11-05T02:28:48.512Z - silly: [31ms[39m[33mi[39m[32ml[39m[34ml[39m[35my[39m[31m:[39m Binding route ::   /v1/auth/social/:id? (ACTION: auth/social)
2015-11-05T02:28:48.514Z - silly: [31ms[39m[33mi[39m[32ml[39m[34ml[39m[35my[39m[31m:[39m Binding action (refresh_token) blueprint/shadow route for controller: auth
2015-11-05T02:28:48.515Z - silly: [31ms[39m[33mi[39m[32ml[39m[34ml[39m[35my[39m[31m:[39m Binding route ::   /v1/auth/refresh_token/:id? (POLICY: alwaysAllow)
2015-11-05T02:28:48.516Z - silly: [31ms[39m[33mi[39m[32ml[39m[34ml[39m[35my[39m[31m:[39m Binding route ::   /v1/auth/refresh_token/:id? (ACTION: auth/refresh_token)
2015-11-05T02:28:48.517Z - silly: [31ms[39m[33mi[39m[32ml[39m[34ml[39m[35my[39m[31m:[39m Binding action (identity) blueprint/shadow route for controller: auth
2015-11-05T02:28:48.518Z - silly: [31ms[39m[33mi[39m[32ml[39m[34ml[39m[35my[39m[31m:[39m Binding action (globalid) blueprint/shadow route for controller: auth
2015-11-05T02:28:48.518Z - silly: [31ms[39m[33mi[39m[32ml[39m[34ml[39m[35my[39m[31m:[39m Binding action (sails) blueprint/shadow route for controller: auth
2015-11-05T02:28:48.532Z - silly: [31ms[39m[33mi[39m[32ml[39m[34ml[39m[35my[39m[31m:[39m Binding action (index) blueprint/shadow route for controller: ping
2015-11-05T02:28:48.533Z - silly: [31ms[39m[33mi[39m[32ml[39m[34ml[39m[35my[39m[31m:[39m Binding route ::   /v1/ping/index/:id? (POLICY: alwaysAllow)
2015-11-05T02:28:48.534Z - silly: [31ms[39m[33mi[39m[32ml[39m[34ml[39m[35my[39m[31m:[39m Binding route ::   /v1/ping/index/:id? (ACTION: ping/index)
2015-11-05T02:28:48.535Z - silly: [31ms[39m[33mi[39m[32ml[39m[34ml[39m[35my[39m[31m:[39m Binding index blueprint/shadow route for controller: ping
2015-11-05T02:28:48.536Z - silly: [31ms[39m[33mi[39m[32ml[39m[34ml[39m[35my[39m[31m:[39m Binding route ::   /v1/ping (POLICY: alwaysAllow)
2015-11-05T02:28:48.547Z - silly: [31ms[39m[33mi[39m[32ml[39m[34ml[39m[35my[39m[31m:[39m Binding route ::   /v1/ping (ACTION: ping/index)
2015-11-05T02:28:48.548Z - silly: [31ms[39m[33mi[39m[32ml[39m[34ml[39m[35my[39m[31m:[39m Binding action (identity) blueprint/shadow route for controller: ping
2015-11-05T02:28:48.548Z - silly: [31ms[39m[33mi[39m[32ml[39m[34ml[39m[35my[39m[31m:[39m Binding action (globalid) blueprint/shadow route for controller: ping
2015-11-05T02:28:48.549Z - silly: [31ms[39m[33mi[39m[32ml[39m[34ml[39m[35my[39m[31m:[39m Binding action (sails) blueprint/shadow route for controller: ping
2015-11-05T02:28:48.559Z - silly: [31ms[39m[33mi[39m[32ml[39m[34ml[39m[35my[39m[31m:[39m Binding action (index) blueprint/shadow route for controller: search
2015-11-05T02:28:48.559Z - silly: [31ms[39m[33mi[39m[32ml[39m[34ml[39m[35my[39m[31m:[39m Binding route ::   /v1/search/index/:id? (POLICY: isAuthenticated)
2015-11-05T02:28:48.562Z - silly: [31ms[39m[33mi[39m[32ml[39m[34ml[39m[35my[39m[31m:[39m Binding route ::   /v1/search/index/:id? (ACTION: search/index)
2015-11-05T02:28:48.564Z - silly: [31ms[39m[33mi[39m[32ml[39m[34ml[39m[35my[39m[31m:[39m Binding index blueprint/shadow route for controller: search
2015-11-05T02:28:48.565Z - silly: [31ms[39m[33mi[39m[32ml[39m[34ml[39m[35my[39m[31m:[39m Binding route ::   /v1/search (POLICY: isAuthenticated)
2015-11-05T02:28:48.567Z - silly: [31ms[39m[33mi[39m[32ml[39m[34ml[39m[35my[39m[31m:[39m Binding route ::   /v1/search (ACTION: search/index)
2015-11-05T02:28:48.568Z - silly: [31ms[39m[33mi[39m[32ml[39m[34ml[39m[35my[39m[31m:[39m Binding action (identity) blueprint/shadow route for controller: search
2015-11-05T02:28:48.568Z - silly: [31ms[39m[33mi[39m[32ml[39m[34ml[39m[35my[39m[31m:[39m Binding action (globalid) blueprint/shadow route for controller: search
2015-11-05T02:28:48.569Z - silly: [31ms[39m[33mi[39m[32ml[39m[34ml[39m[35my[39m[31m:[39m Binding action (sails) blueprint/shadow route for controller: search
2015-11-05T02:28:48.576Z - silly: [31ms[39m[33mi[39m[32ml[39m[34ml[39m[35my[39m[31m:[39m Binding action (identity) blueprint/shadow route for controller: user
2015-11-05T02:28:48.577Z - silly: [31ms[39m[33mi[39m[32ml[39m[34ml[39m[35my[39m[31m:[39m Binding action (globalid) blueprint/shadow route for controller: user
2015-11-05T02:28:48.577Z - silly: [31ms[39m[33mi[39m[32ml[39m[34ml[39m[35my[39m[31m:[39m Binding action (sails) blueprint/shadow route for controller: user
2015-11-05T02:28:48.583Z - silly: [31ms[39m[33mi[39m[32ml[39m[34ml[39m[35my[39m[31m:[39m Binding RESTful blueprint/shadow routes for model+controller: user
2015-11-05T02:28:48.584Z - silly: [31ms[39m[33mi[39m[32ml[39m[34ml[39m[35my[39m[31m:[39m Binding route ::  get /v1/users (POLICY: isAuthenticated)
2015-11-05T02:28:48.585Z - silly: [31ms[39m[33mi[39m[32ml[39m[34ml[39m[35my[39m[31m:[39m Binding route ::  get /v1/users (POLICY: isSuperAdmin)
2015-11-05T02:28:48.586Z - silly: [31ms[39m[33mi[39m[32ml[39m[34ml[39m[35my[39m[31m:[39m Binding route ::  get /v1/users (BLUEPRINT: )
2015-11-05T02:28:48.587Z - silly: [31ms[39m[33mi[39m[32ml[39m[34ml[39m[35my[39m[31m:[39m Binding route ::  get /v1/users/:id (POLICY: isAuthenticated)
2015-11-05T02:28:48.588Z - silly: [31ms[39m[33mi[39m[32ml[39m[34ml[39m[35my[39m[31m:[39m Binding route ::  get /v1/users/:id (BLUEPRINT: )
2015-11-05T02:28:48.589Z - silly: [31ms[39m[33mi[39m[32ml[39m[34ml[39m[35my[39m[31m:[39m Binding route ::  post /v1/users (POLICY: isAuthenticated)
2015-11-05T02:28:48.590Z - silly: [31ms[39m[33mi[39m[32ml[39m[34ml[39m[35my[39m[31m:[39m Binding route ::  post /v1/users (BLUEPRINT: )
2015-11-05T02:28:48.591Z - silly: [31ms[39m[33mi[39m[32ml[39m[34ml[39m[35my[39m[31m:[39m Binding route ::  put /v1/users/:id (POLICY: isAuthenticated)
2015-11-05T02:28:48.592Z - silly: [31ms[39m[33mi[39m[32ml[39m[34ml[39m[35my[39m[31m:[39m Binding route ::  put /v1/users/:id (BLUEPRINT: )
2015-11-05T02:28:48.593Z - silly: [31ms[39m[33mi[39m[32ml[39m[34ml[39m[35my[39m[31m:[39m Binding route ::  post /v1/users/:id (POLICY: isAuthenticated)
2015-11-05T02:28:48.595Z - silly: [31ms[39m[33mi[39m[32ml[39m[34ml[39m[35my[39m[31m:[39m Binding route ::  post /v1/users/:id (BLUEPRINT: )
2015-11-05T02:28:48.596Z - silly: [31ms[39m[33mi[39m[32ml[39m[34ml[39m[35my[39m[31m:[39m Binding route ::  delete /v1/users/:id? (POLICY: isAuthenticated)
2015-11-05T02:28:48.597Z - silly: [31ms[39m[33mi[39m[32ml[39m[34ml[39m[35my[39m[31m:[39m Binding route ::  delete /v1/users/:id? (BLUEPRINT: )
2015-11-05T02:28:48.598Z - silly: [31ms[39m[33mi[39m[32ml[39m[34ml[39m[35my[39m[31m:[39m Binding RESTful association blueprint `role` for user
2015-11-05T02:28:48.600Z - silly: [31ms[39m[33mi[39m[32ml[39m[34ml[39m[35my[39m[31m:[39m Binding route ::  get /v1/users/:parentid/role/:id? (POLICY: isAuthenticated)
2015-11-05T02:28:48.601Z - silly: [31ms[39m[33mi[39m[32ml[39m[34ml[39m[35my[39m[31m:[39m Binding route ::  get /v1/users/:parentid/role/:id? (BLUEPRINT: expand)
2015-11-05T02:28:48.602Z - silly: [31ms[39m[33mi[39m[32ml[39m[34ml[39m[35my[39m[31m:[39m Binding RESTful association blueprint `stateId` for user
2015-11-05T02:28:48.603Z - silly: [31ms[39m[33mi[39m[32ml[39m[34ml[39m[35my[39m[31m:[39m Binding route ::  get /v1/users/:parentid/stateId/:id? (POLICY: isAuthenticated)
2015-11-05T02:28:48.604Z - silly: [31ms[39m[33mi[39m[32ml[39m[34ml[39m[35my[39m[31m:[39m Binding route ::  get /v1/users/:parentid/stateId/:id? (BLUEPRINT: expand)
2015-11-05T02:28:48.606Z - verbose: [36mverbose: [39mAll hooks were loaded successfully.
2015-11-05T02:28:48.607Z - verbose: [36mverbose: [39mStarting app at /home/tenhsor/Proyectos/jukebuzz/jukebuzz-api...
2015-11-05T02:28:48.608Z - verbose: [36mverbose: [39mRunning the setup logic in `sails.config.bootstrap(cb)`...
2015-11-05T02:28:48.618Z - debug: [34mdebug: [39mRole had models, so no seed needed
2015-11-05T02:28:48.623Z - info: [32minfo: [39m
2015-11-05T02:28:48.624Z - info: [32minfo: [39m               .-..-.
2015-11-05T02:28:48.624Z - info: [32minfo: [39m
2015-11-05T02:28:48.624Z - info: [32minfo: [39m   Sails              <|    .-..-.
2015-11-05T02:28:48.625Z - info: [32minfo: [39m   v0.11.2             |\
2015-11-05T02:28:48.625Z - info: [32minfo: [39m                      /|.\
2015-11-05T02:28:48.625Z - info: [32minfo: [39m                     / || \
2015-11-05T02:28:48.626Z - info: [32minfo: [39m                   ,'  |'  \
2015-11-05T02:28:48.626Z - info: [32minfo: [39m                .-'.-==|/_--'
2015-11-05T02:28:48.626Z - info: [32minfo: [39m                `--'-------' 
2015-11-05T02:28:48.627Z - info: [32minfo: [39m   __---___--___---___--___---___--___
2015-11-05T02:28:48.627Z - info: [32minfo: [39m ____---___--___---___--___---___--___-__
2015-11-05T02:28:48.627Z - info: [32minfo: [39m
2015-11-05T02:28:48.628Z - info: [32minfo: [39mServer lifted in `/home/tenhsor/Proyectos/jukebuzz/jukebuzz-api`
2015-11-05T02:28:48.629Z - info: [32minfo: [39mTo see your app, visit [4mhttp://localhost:3000[24m
2015-11-05T02:28:48.629Z - info: [32minfo: [39mTo shut down Sails, press <CTRL> + C at any time.
2015-11-05T02:28:48.629Z - debug: [34mdebug: [39m[90m--------------------------------------------------------[39m
2015-11-05T02:28:48.631Z - debug: [34mdebug: [39m[90m:: Wed Nov 04 2015 20:28:48 GMT-0600 (CST)[39m
2015-11-05T02:28:48.632Z - debug: [34mdebug: [39mEnvironment : development
2015-11-05T02:28:48.633Z - debug: [34mdebug: [39mPort        : 3000
2015-11-05T02:28:48.633Z - debug: [34mdebug: [39m[90m--------------------------------------------------------[39m
2015-11-05T02:28:49.151Z - verbose: [36mverbose: [39msails-hook-sockets :: connected to Sails admin message bus.
2015-11-05T02:28:46.475Z - verbose: [36mverbose: [39mLoading adapter ( sails-mysql ) for country  from `node_modules` directory...
2015-11-05T02:28:46.750Z - verbose: [36mverbose: [39mLoading adapter ( sails-mongo ) for role  from `node_modules` directory...
2015-11-05T02:28:47.891Z - verbose: [36mverbose: [39mStarting ORM...
2015-11-05T02:28:47.892Z - silly: [31ms[39m[33mi[39m[32ml[39m[34ml[39m[35my[39m[31m:[39m Registering model `country` in Waterline (ORM)
2015-11-05T02:28:47.893Z - silly: [31ms[39m[33mi[39m[32ml[39m[34ml[39m[35my[39m[31m:[39m Registering model `role` in Waterline (ORM)
2015-11-05T02:28:47.894Z - silly: [31ms[39m[33mi[39m[32ml[39m[34ml[39m[35my[39m[31m:[39m Registering model `state` in Waterline (ORM)
2015-11-05T02:28:47.895Z - silly: [31ms[39m[33mi[39m[32ml[39m[34ml[39m[35my[39m[31m:[39m Registering model `user` in Waterline (ORM)
2015-11-05T04:09:54.685Z - error: [31merror: [39mServer Error:
2015-11-05T04:09:54.688Z - error: [31merror: [39mSyntaxError: Unexpected token }
    at Object.parse (native)
    at parse (/home/tenhsor/Proyectos/jukebuzz/jukebuzz-api/node_modules/body-parser/lib/types/json.js:66:17)
    at /home/tenhsor/Proyectos/jukebuzz/jukebuzz-api/node_modules/body-parser/lib/read.js:91:18
    at IncomingMessage.onEnd (/home/tenhsor/Proyectos/jukebuzz/jukebuzz-api/node_modules/raw-body/index.js:136:7)
    at IncomingMessage.g (events.js:260:16)
    at emitNone (events.js:67:13)
    at IncomingMessage.emit (events.js:166:7)
    at endReadableNT (_stream_readable.js:903:12)
    at doNTCallback2 (node.js:439:9)
    at process._tickDomainCallback (node.js:394:17) { [SyntaxError: Unexpected token }]
  body: '{\n    "email": "ricard@entryless.com",\n    "password": "Testing123",\n    "firstName": "Ricardo",\n    "lastName": "Romo",\n}',
  status: 400 }
2015-11-05T05:53:58.361Z - verbose: [36mverbose: [39mLowering sails...
2015-11-05T05:53:58.369Z - verbose: [36mverbose: [39mShutting down socket server...
2015-11-05T05:53:58.370Z - verbose: [36mverbose: [39mShutting down HTTP server...
2015-11-05T05:53:58.389Z - verbose: [36mverbose: [39mHTTP server shut down successfully.
