2015-11-04T01:52:51.581Z - verbose: [36mverbose: [39mlogger hook loaded successfully.
2015-11-04T01:52:51.583Z - verbose: [36mverbose: [39mrequest hook loaded successfully.
2015-11-04T01:52:51.584Z - verbose: [36mverbose: [39mLoading the app's models and adapters...
2015-11-04T01:52:51.584Z - verbose: [36mverbose: [39mLoading app models...
2015-11-04T01:52:51.588Z - verbose: [36mverbose: [39mLoading app adapters...
2015-11-04T01:52:51.590Z - verbose: [36mverbose: [39mLoading blueprint middleware...
2015-11-04T01:52:52.007Z - verbose: [36mverbose: [39mblueprints hook loaded successfully.
2015-11-04T01:52:52.008Z - verbose: [36mverbose: [39mresponses hook loaded successfully.
2015-11-04T01:52:52.071Z - verbose: [36mverbose: [39mcontrollers hook loaded successfully.
2015-11-04T01:52:52.075Z - verbose: [36mverbose: [39mLoading policy modules from app...
2015-11-04T01:52:52.092Z - verbose: [36mverbose: [39mFinished loading policy middleware logic.
2015-11-04T01:52:52.093Z - verbose: [36mverbose: [39mpolicies hook loaded successfully.
2015-11-04T01:52:52.093Z - verbose: [36mverbose: [39mservices hook loaded successfully.
2015-11-04T01:52:52.094Z - verbose: [36mverbose: [39mcors hook loaded successfully.
2015-11-04T01:52:52.962Z - verbose: [36mverbose: [39mhttp hook loaded successfully.
2015-11-04T01:52:52.964Z - verbose: [36mverbose: [39mPreparing socket.io...
2015-11-04T01:52:53.102Z - verbose: [36mverbose: [39msockets hook loaded successfully.
2015-11-04T01:52:53.102Z - verbose: [36mverbose: [39mpluralize-only-rest-models hook loaded successfully.
2015-11-04T01:52:53.103Z - verbose: [36mverbose: [39mcron hook loaded successfully.
2015-11-04T01:52:54.962Z - verbose: [36mverbose: [39morm hook loaded successfully.
2015-11-04T01:52:54.963Z - verbose: [36mverbose: [39mBuilt-in hooks are ready.
2015-11-04T01:52:54.964Z - verbose: [36mverbose: [39mInstantiating registry...
2015-11-04T01:52:54.965Z - verbose: [36mverbose: [39mLoading router...
2015-11-04T01:52:54.967Z - silly: [31ms[39m[33mi[39m[32ml[39m[34ml[39m[35my[39m[31m:[39m Binding route ::  all /* (REQUEST HOOK: addMixins)
2015-11-04T01:52:54.972Z - silly: [31ms[39m[33mi[39m[32ml[39m[34ml[39m[35my[39m[31m:[39m Binding route ::  all /* (RESPONSES HOOK: addResponseMethods)
2015-11-04T01:52:54.975Z - verbose: [36mverbose: [39mPolicy-controller bindings complete!
2015-11-04T01:52:54.976Z - silly: [31ms[39m[33mi[39m[32ml[39m[34ml[39m[35my[39m[31m:[39m Binding route ::  all /* (CORS HOOK: sendHeaders)
2015-11-04T01:52:54.983Z - silly: [31ms[39m[33mi[39m[32ml[39m[34ml[39m[35my[39m[31m:[39m Binding route ::  get /v1/countries (POLICY: alwaysAllow)
2015-11-04T01:52:54.984Z - silly: [31ms[39m[33mi[39m[32ml[39m[34ml[39m[35my[39m[31m:[39m Binding route ::  get /v1/countries (ACTION: world/findcountries)
2015-11-04T01:52:54.984Z - silly: [31ms[39m[33mi[39m[32ml[39m[34ml[39m[35my[39m[31m:[39m Binding route ::  get /v1/countries/:country_id/states (POLICY: alwaysAllow)
2015-11-04T01:52:54.985Z - silly: [31ms[39m[33mi[39m[32ml[39m[34ml[39m[35my[39m[31m:[39m Binding route ::  get /v1/countries/:country_id/states (ACTION: world/findstatesbycountry)
2015-11-04T01:52:54.986Z - silly: [31ms[39m[33mi[39m[32ml[39m[34ml[39m[35my[39m[31m:[39m Binding route ::  get /__getcookie (SOCKETS HOOK)
2015-11-04T01:52:54.989Z - silly: [31ms[39m[33mi[39m[32ml[39m[34ml[39m[35my[39m[31m:[39m Binding action (signin) blueprint/shadow route for controller: auth
2015-11-04T01:52:54.990Z - silly: [31ms[39m[33mi[39m[32ml[39m[34ml[39m[35my[39m[31m:[39m Binding route ::   /v1/auth/signin/:id? (POLICY: alwaysAllow)
2015-11-04T01:52:54.991Z - silly: [31ms[39m[33mi[39m[32ml[39m[34ml[39m[35my[39m[31m:[39m Binding route ::   /v1/auth/signin/:id? (ACTION: auth/signin)
2015-11-04T01:52:54.992Z - silly: [31ms[39m[33mi[39m[32ml[39m[34ml[39m[35my[39m[31m:[39m Binding action (signup) blueprint/shadow route for controller: auth
2015-11-04T01:52:54.993Z - silly: [31ms[39m[33mi[39m[32ml[39m[34ml[39m[35my[39m[31m:[39m Binding route ::   /v1/auth/signup/:id? (POLICY: alwaysAllow)
2015-11-04T01:52:54.995Z - silly: [31ms[39m[33mi[39m[32ml[39m[34ml[39m[35my[39m[31m:[39m Binding route ::   /v1/auth/signup/:id? (ACTION: auth/signup)
2015-11-04T01:52:54.996Z - silly: [31ms[39m[33mi[39m[32ml[39m[34ml[39m[35my[39m[31m:[39m Binding action (social) blueprint/shadow route for controller: auth
2015-11-04T01:52:54.997Z - silly: [31ms[39m[33mi[39m[32ml[39m[34ml[39m[35my[39m[31m:[39m Binding route ::   /v1/auth/social/:id? (POLICY: alwaysAllow)
2015-11-04T01:52:54.998Z - silly: [31ms[39m[33mi[39m[32ml[39m[34ml[39m[35my[39m[31m:[39m Binding route ::   /v1/auth/social/:id? (ACTION: auth/social)
2015-11-04T01:52:55.000Z - silly: [31ms[39m[33mi[39m[32ml[39m[34ml[39m[35my[39m[31m:[39m Binding action (refresh_token) blueprint/shadow route for controller: auth
2015-11-04T01:52:55.000Z - silly: [31ms[39m[33mi[39m[32ml[39m[34ml[39m[35my[39m[31m:[39m Binding route ::   /v1/auth/refresh_token/:id? (POLICY: alwaysAllow)
2015-11-04T01:52:55.001Z - silly: [31ms[39m[33mi[39m[32ml[39m[34ml[39m[35my[39m[31m:[39m Binding route ::   /v1/auth/refresh_token/:id? (ACTION: auth/refresh_token)
2015-11-04T01:52:55.002Z - silly: [31ms[39m[33mi[39m[32ml[39m[34ml[39m[35my[39m[31m:[39m Binding action (identity) blueprint/shadow route for controller: auth
2015-11-04T01:52:55.003Z - silly: [31ms[39m[33mi[39m[32ml[39m[34ml[39m[35my[39m[31m:[39m Binding action (globalid) blueprint/shadow route for controller: auth
2015-11-04T01:52:55.003Z - silly: [31ms[39m[33mi[39m[32ml[39m[34ml[39m[35my[39m[31m:[39m Binding action (sails) blueprint/shadow route for controller: auth
2015-11-04T01:52:55.016Z - silly: [31ms[39m[33mi[39m[32ml[39m[34ml[39m[35my[39m[31m:[39m Binding action (index) blueprint/shadow route for controller: ping
2015-11-04T01:52:55.016Z - silly: [31ms[39m[33mi[39m[32ml[39m[34ml[39m[35my[39m[31m:[39m Binding route ::   /v1/ping/index/:id? (POLICY: alwaysAllow)
2015-11-04T01:52:55.018Z - silly: [31ms[39m[33mi[39m[32ml[39m[34ml[39m[35my[39m[31m:[39m Binding route ::   /v1/ping/index/:id? (ACTION: ping/index)
2015-11-04T01:52:55.019Z - silly: [31ms[39m[33mi[39m[32ml[39m[34ml[39m[35my[39m[31m:[39m Binding index blueprint/shadow route for controller: ping
2015-11-04T01:52:55.019Z - silly: [31ms[39m[33mi[39m[32ml[39m[34ml[39m[35my[39m[31m:[39m Binding route ::   /v1/ping (POLICY: alwaysAllow)
2015-11-04T01:52:55.020Z - silly: [31ms[39m[33mi[39m[32ml[39m[34ml[39m[35my[39m[31m:[39m Binding route ::   /v1/ping (ACTION: ping/index)
2015-11-04T01:52:55.021Z - silly: [31ms[39m[33mi[39m[32ml[39m[34ml[39m[35my[39m[31m:[39m Binding action (identity) blueprint/shadow route for controller: ping
2015-11-04T01:52:55.021Z - silly: [31ms[39m[33mi[39m[32ml[39m[34ml[39m[35my[39m[31m:[39m Binding action (globalid) blueprint/shadow route for controller: ping
2015-11-04T01:52:55.022Z - silly: [31ms[39m[33mi[39m[32ml[39m[34ml[39m[35my[39m[31m:[39m Binding action (sails) blueprint/shadow route for controller: ping
2015-11-04T01:52:55.030Z - silly: [31ms[39m[33mi[39m[32ml[39m[34ml[39m[35my[39m[31m:[39m Binding action (index) blueprint/shadow route for controller: search
2015-11-04T01:52:55.030Z - silly: [31ms[39m[33mi[39m[32ml[39m[34ml[39m[35my[39m[31m:[39m Binding route ::   /v1/search/index/:id? (POLICY: isAuthenticated)
2015-11-04T01:52:55.034Z - silly: [31ms[39m[33mi[39m[32ml[39m[34ml[39m[35my[39m[31m:[39m Binding route ::   /v1/search/index/:id? (ACTION: search/index)
2015-11-04T01:52:55.035Z - silly: [31ms[39m[33mi[39m[32ml[39m[34ml[39m[35my[39m[31m:[39m Binding index blueprint/shadow route for controller: search
2015-11-04T01:52:55.036Z - silly: [31ms[39m[33mi[39m[32ml[39m[34ml[39m[35my[39m[31m:[39m Binding route ::   /v1/search (POLICY: isAuthenticated)
2015-11-04T01:52:55.038Z - silly: [31ms[39m[33mi[39m[32ml[39m[34ml[39m[35my[39m[31m:[39m Binding route ::   /v1/search (ACTION: search/index)
2015-11-04T01:52:55.038Z - silly: [31ms[39m[33mi[39m[32ml[39m[34ml[39m[35my[39m[31m:[39m Binding action (identity) blueprint/shadow route for controller: search
2015-11-04T01:52:55.039Z - silly: [31ms[39m[33mi[39m[32ml[39m[34ml[39m[35my[39m[31m:[39m Binding action (globalid) blueprint/shadow route for controller: search
2015-11-04T01:52:55.039Z - silly: [31ms[39m[33mi[39m[32ml[39m[34ml[39m[35my[39m[31m:[39m Binding action (sails) blueprint/shadow route for controller: search
2015-11-04T01:52:55.046Z - silly: [31ms[39m[33mi[39m[32ml[39m[34ml[39m[35my[39m[31m:[39m Binding action (identity) blueprint/shadow route for controller: user
2015-11-04T01:52:55.046Z - silly: [31ms[39m[33mi[39m[32ml[39m[34ml[39m[35my[39m[31m:[39m Binding action (globalid) blueprint/shadow route for controller: user
2015-11-04T01:52:55.047Z - silly: [31ms[39m[33mi[39m[32ml[39m[34ml[39m[35my[39m[31m:[39m Binding action (sails) blueprint/shadow route for controller: user
2015-11-04T01:52:55.055Z - silly: [31ms[39m[33mi[39m[32ml[39m[34ml[39m[35my[39m[31m:[39m Binding RESTful blueprint/shadow routes for model+controller: user
2015-11-04T01:52:55.057Z - silly: [31ms[39m[33mi[39m[32ml[39m[34ml[39m[35my[39m[31m:[39m Binding route ::  get /v1/users (POLICY: isAuthenticated)
2015-11-04T01:52:55.057Z - silly: [31ms[39m[33mi[39m[32ml[39m[34ml[39m[35my[39m[31m:[39m Binding route ::  get /v1/users (POLICY: isSuperAdmin)
2015-11-04T01:52:55.058Z - silly: [31ms[39m[33mi[39m[32ml[39m[34ml[39m[35my[39m[31m:[39m Binding route ::  get /v1/users (BLUEPRINT: )
2015-11-04T01:52:55.059Z - silly: [31ms[39m[33mi[39m[32ml[39m[34ml[39m[35my[39m[31m:[39m Binding route ::  get /v1/users/:id (POLICY: isAuthenticated)
2015-11-04T01:52:55.060Z - silly: [31ms[39m[33mi[39m[32ml[39m[34ml[39m[35my[39m[31m:[39m Binding route ::  get /v1/users/:id (BLUEPRINT: )
2015-11-04T01:52:55.061Z - silly: [31ms[39m[33mi[39m[32ml[39m[34ml[39m[35my[39m[31m:[39m Binding route ::  post /v1/users (POLICY: isAuthenticated)
2015-11-04T01:52:55.061Z - silly: [31ms[39m[33mi[39m[32ml[39m[34ml[39m[35my[39m[31m:[39m Binding route ::  post /v1/users (BLUEPRINT: )
2015-11-04T01:52:55.062Z - silly: [31ms[39m[33mi[39m[32ml[39m[34ml[39m[35my[39m[31m:[39m Binding route ::  put /v1/users/:id (POLICY: isAuthenticated)
2015-11-04T01:52:55.063Z - silly: [31ms[39m[33mi[39m[32ml[39m[34ml[39m[35my[39m[31m:[39m Binding route ::  put /v1/users/:id (BLUEPRINT: )
2015-11-04T01:52:55.064Z - silly: [31ms[39m[33mi[39m[32ml[39m[34ml[39m[35my[39m[31m:[39m Binding route ::  post /v1/users/:id (POLICY: isAuthenticated)
2015-11-04T01:52:55.066Z - silly: [31ms[39m[33mi[39m[32ml[39m[34ml[39m[35my[39m[31m:[39m Binding route ::  post /v1/users/:id (BLUEPRINT: )
2015-11-04T01:52:55.067Z - silly: [31ms[39m[33mi[39m[32ml[39m[34ml[39m[35my[39m[31m:[39m Binding route ::  delete /v1/users/:id? (POLICY: isAuthenticated)
2015-11-04T01:52:55.067Z - silly: [31ms[39m[33mi[39m[32ml[39m[34ml[39m[35my[39m[31m:[39m Binding route ::  delete /v1/users/:id? (BLUEPRINT: )
2015-11-04T01:52:55.069Z - silly: [31ms[39m[33mi[39m[32ml[39m[34ml[39m[35my[39m[31m:[39m Binding RESTful association blueprint `role` for user
2015-11-04T01:52:55.069Z - silly: [31ms[39m[33mi[39m[32ml[39m[34ml[39m[35my[39m[31m:[39m Binding route ::  get /v1/users/:parentid/role/:id? (POLICY: isAuthenticated)
2015-11-04T01:52:55.070Z - silly: [31ms[39m[33mi[39m[32ml[39m[34ml[39m[35my[39m[31m:[39m Binding route ::  get /v1/users/:parentid/role/:id? (BLUEPRINT: expand)
2015-11-04T01:52:55.071Z - silly: [31ms[39m[33mi[39m[32ml[39m[34ml[39m[35my[39m[31m:[39m Binding RESTful association blueprint `stateId` for user
2015-11-04T01:52:55.072Z - silly: [31ms[39m[33mi[39m[32ml[39m[34ml[39m[35my[39m[31m:[39m Binding route ::  get /v1/users/:parentid/stateId/:id? (POLICY: isAuthenticated)
2015-11-04T01:52:55.073Z - silly: [31ms[39m[33mi[39m[32ml[39m[34ml[39m[35my[39m[31m:[39m Binding route ::  get /v1/users/:parentid/stateId/:id? (BLUEPRINT: expand)
2015-11-04T01:52:55.074Z - verbose: [36mverbose: [39mAll hooks were loaded successfully.
2015-11-04T01:52:55.075Z - verbose: [36mverbose: [39mStarting app at /home/tenhsor/Proyectos/jukebuzz/jukebuzz-api...
2015-11-04T01:52:55.076Z - verbose: [36mverbose: [39mRunning the setup logic in `sails.config.bootstrap(cb)`...
2015-11-04T01:52:55.085Z - debug: [34mdebug: [39mRole had models, so no seed needed
2015-11-04T01:52:55.091Z - info: [32minfo: [39m
2015-11-04T01:52:55.091Z - info: [32minfo: [39m               .-..-.
2015-11-04T01:52:55.092Z - info: [32minfo: [39m
2015-11-04T01:52:55.092Z - info: [32minfo: [39m   Sails              <|    .-..-.
2015-11-04T01:52:55.092Z - info: [32minfo: [39m   v0.11.2             |\
2015-11-04T01:52:55.093Z - info: [32minfo: [39m                      /|.\
2015-11-04T01:52:55.093Z - info: [32minfo: [39m                     / || \
2015-11-04T01:52:55.093Z - info: [32minfo: [39m                   ,'  |'  \
2015-11-04T01:52:55.093Z - info: [32minfo: [39m                .-'.-==|/_--'
2015-11-04T01:52:55.094Z - info: [32minfo: [39m                `--'-------' 
2015-11-04T01:52:55.094Z - info: [32minfo: [39m   __---___--___---___--___---___--___
2015-11-04T01:52:55.094Z - info: [32minfo: [39m ____---___--___---___--___---___--___-__
2015-11-04T01:52:55.095Z - info: [32minfo: [39m
2015-11-04T01:52:55.095Z - info: [32minfo: [39mServer lifted in `/home/tenhsor/Proyectos/jukebuzz/jukebuzz-api`
2015-11-04T01:52:55.096Z - info: [32minfo: [39mTo see your app, visit [4mhttp://localhost:3000[24m
2015-11-04T01:52:55.096Z - info: [32minfo: [39mTo shut down Sails, press <CTRL> + C at any time.
2015-11-04T01:52:55.097Z - debug: [34mdebug: [39m[90m--------------------------------------------------------[39m
2015-11-04T01:52:55.099Z - debug: [34mdebug: [39m[90m:: Tue Nov 03 2015 19:52:55 GMT-0600 (CST)[39m
2015-11-04T01:52:55.100Z - debug: [34mdebug: [39mEnvironment : development
2015-11-04T01:52:55.100Z - debug: [34mdebug: [39mPort        : 3000
2015-11-04T01:52:55.101Z - debug: [34mdebug: [39m[90m--------------------------------------------------------[39m
2015-11-04T01:52:55.919Z - verbose: [36mverbose: [39msails-hook-sockets :: connected to Sails admin message bus.
