2015-11-08T00:35:52.052Z - verbose: [36mverbose: [39mlogger hook loaded successfully.
2015-11-08T00:35:52.054Z - verbose: [36mverbose: [39mrequest hook loaded successfully.
2015-11-08T00:35:52.055Z - verbose: [36mverbose: [39mLoading the app's models and adapters...
2015-11-08T00:35:52.056Z - verbose: [36mverbose: [39mLoading app models...
2015-11-08T00:35:52.059Z - verbose: [36mverbose: [39mLoading app adapters...
2015-11-08T00:35:52.061Z - verbose: [36mverbose: [39mLoading blueprint middleware...
2015-11-08T00:35:52.113Z - verbose: [36mverbose: [39mblueprints hook loaded successfully.
2015-11-08T00:35:52.114Z - verbose: [36mverbose: [39mresponses hook loaded successfully.
2015-11-08T00:35:52.119Z - verbose: [36mverbose: [39mcontrollers hook loaded successfully.
2015-11-08T00:35:52.121Z - verbose: [36mverbose: [39mLoading policy modules from app...
2015-11-08T00:35:52.125Z - verbose: [36mverbose: [39mFinished loading policy middleware logic.
2015-11-08T00:35:52.125Z - verbose: [36mverbose: [39mpolicies hook loaded successfully.
2015-11-08T00:35:52.126Z - verbose: [36mverbose: [39mservices hook loaded successfully.
2015-11-08T00:35:52.126Z - verbose: [36mverbose: [39mcors hook loaded successfully.
2015-11-08T00:35:52.238Z - verbose: [36mverbose: [39mhttp hook loaded successfully.
2015-11-08T00:35:52.239Z - verbose: [36mverbose: [39mPreparing socket.io...
2015-11-08T00:35:52.266Z - verbose: [36mverbose: [39msockets hook loaded successfully.
2015-11-08T00:35:52.267Z - verbose: [36mverbose: [39mpluralize-only-rest-models hook loaded successfully.
2015-11-08T00:35:52.267Z - verbose: [36mverbose: [39mcron hook loaded successfully.
2015-11-08T00:35:53.420Z - verbose: [36mverbose: [39morm hook loaded successfully.
2015-11-08T00:35:53.422Z - verbose: [36mverbose: [39mBuilt-in hooks are ready.
2015-11-08T00:35:53.423Z - verbose: [36mverbose: [39mInstantiating registry...
2015-11-08T00:35:53.424Z - verbose: [36mverbose: [39mLoading router...
2015-11-08T00:35:53.426Z - silly: [31ms[39m[33mi[39m[32ml[39m[34ml[39m[35my[39m[31m:[39m Binding route ::  all /* (REQUEST HOOK: addMixins)
2015-11-08T00:35:53.430Z - silly: [31ms[39m[33mi[39m[32ml[39m[34ml[39m[35my[39m[31m:[39m Binding route ::  all /* (RESPONSES HOOK: addResponseMethods)
2015-11-08T00:35:53.433Z - verbose: [36mverbose: [39mPolicy-controller bindings complete!
2015-11-08T00:35:53.435Z - silly: [31ms[39m[33mi[39m[32ml[39m[34ml[39m[35my[39m[31m:[39m Binding route ::  all /* (CORS HOOK: sendHeaders)
2015-11-08T00:35:53.441Z - silly: [31ms[39m[33mi[39m[32ml[39m[34ml[39m[35my[39m[31m:[39m Binding route ::  get /v1/countries (POLICY: alwaysAllow)
2015-11-08T00:35:53.442Z - silly: [31ms[39m[33mi[39m[32ml[39m[34ml[39m[35my[39m[31m:[39m Binding route ::  get /v1/countries (ACTION: world/findcountries)
2015-11-08T00:35:53.443Z - silly: [31ms[39m[33mi[39m[32ml[39m[34ml[39m[35my[39m[31m:[39m Binding route ::  get /v1/countries/:country_id/states (POLICY: alwaysAllow)
2015-11-08T00:35:53.444Z - silly: [31ms[39m[33mi[39m[32ml[39m[34ml[39m[35my[39m[31m:[39m Binding route ::  get /v1/countries/:country_id/states (ACTION: world/findstatesbycountry)
2015-11-08T00:35:53.445Z - silly: [31ms[39m[33mi[39m[32ml[39m[34ml[39m[35my[39m[31m:[39m Binding route ::  get /__getcookie (SOCKETS HOOK)
2015-11-08T00:35:53.447Z - silly: [31ms[39m[33mi[39m[32ml[39m[34ml[39m[35my[39m[31m:[39m Binding action (signin) blueprint/shadow route for controller: auth
2015-11-08T00:35:53.448Z - silly: [31ms[39m[33mi[39m[32ml[39m[34ml[39m[35my[39m[31m:[39m Binding route ::   /v1/auth/signin/:id? (POLICY: alwaysAllow)
2015-11-08T00:35:53.450Z - silly: [31ms[39m[33mi[39m[32ml[39m[34ml[39m[35my[39m[31m:[39m Binding route ::   /v1/auth/signin/:id? (ACTION: auth/signin)
2015-11-08T00:35:53.452Z - silly: [31ms[39m[33mi[39m[32ml[39m[34ml[39m[35my[39m[31m:[39m Binding action (signup) blueprint/shadow route for controller: auth
2015-11-08T00:35:53.453Z - silly: [31ms[39m[33mi[39m[32ml[39m[34ml[39m[35my[39m[31m:[39m Binding route ::   /v1/auth/signup/:id? (POLICY: alwaysAllow)
2015-11-08T00:35:53.454Z - silly: [31ms[39m[33mi[39m[32ml[39m[34ml[39m[35my[39m[31m:[39m Binding route ::   /v1/auth/signup/:id? (ACTION: auth/signup)
2015-11-08T00:35:53.456Z - silly: [31ms[39m[33mi[39m[32ml[39m[34ml[39m[35my[39m[31m:[39m Binding action (social) blueprint/shadow route for controller: auth
2015-11-08T00:35:53.457Z - silly: [31ms[39m[33mi[39m[32ml[39m[34ml[39m[35my[39m[31m:[39m Binding route ::   /v1/auth/social/:id? (POLICY: alwaysAllow)
2015-11-08T00:35:53.458Z - silly: [31ms[39m[33mi[39m[32ml[39m[34ml[39m[35my[39m[31m:[39m Binding route ::   /v1/auth/social/:id? (ACTION: auth/social)
2015-11-08T00:35:53.460Z - silly: [31ms[39m[33mi[39m[32ml[39m[34ml[39m[35my[39m[31m:[39m Binding action (refresh_token) blueprint/shadow route for controller: auth
2015-11-08T00:35:53.460Z - silly: [31ms[39m[33mi[39m[32ml[39m[34ml[39m[35my[39m[31m:[39m Binding route ::   /v1/auth/refresh_token/:id? (POLICY: alwaysAllow)
2015-11-08T00:35:53.461Z - silly: [31ms[39m[33mi[39m[32ml[39m[34ml[39m[35my[39m[31m:[39m Binding route ::   /v1/auth/refresh_token/:id? (ACTION: auth/refresh_token)
2015-11-08T00:35:53.463Z - silly: [31ms[39m[33mi[39m[32ml[39m[34ml[39m[35my[39m[31m:[39m Binding action (identity) blueprint/shadow route for controller: auth
2015-11-08T00:35:53.463Z - silly: [31ms[39m[33mi[39m[32ml[39m[34ml[39m[35my[39m[31m:[39m Binding action (globalid) blueprint/shadow route for controller: auth
2015-11-08T00:35:53.464Z - silly: [31ms[39m[33mi[39m[32ml[39m[34ml[39m[35my[39m[31m:[39m Binding action (sails) blueprint/shadow route for controller: auth
2015-11-08T00:35:53.477Z - silly: [31ms[39m[33mi[39m[32ml[39m[34ml[39m[35my[39m[31m:[39m Binding action (index) blueprint/shadow route for controller: ping
2015-11-08T00:35:53.477Z - silly: [31ms[39m[33mi[39m[32ml[39m[34ml[39m[35my[39m[31m:[39m Binding route ::   /v1/ping/index/:id? (POLICY: alwaysAllow)
2015-11-08T00:35:53.479Z - silly: [31ms[39m[33mi[39m[32ml[39m[34ml[39m[35my[39m[31m:[39m Binding route ::   /v1/ping/index/:id? (ACTION: ping/index)
2015-11-08T00:35:53.480Z - silly: [31ms[39m[33mi[39m[32ml[39m[34ml[39m[35my[39m[31m:[39m Binding index blueprint/shadow route for controller: ping
2015-11-08T00:35:53.481Z - silly: [31ms[39m[33mi[39m[32ml[39m[34ml[39m[35my[39m[31m:[39m Binding route ::   /v1/ping (POLICY: alwaysAllow)
2015-11-08T00:35:53.482Z - silly: [31ms[39m[33mi[39m[32ml[39m[34ml[39m[35my[39m[31m:[39m Binding route ::   /v1/ping (ACTION: ping/index)
2015-11-08T00:35:53.482Z - silly: [31ms[39m[33mi[39m[32ml[39m[34ml[39m[35my[39m[31m:[39m Binding action (identity) blueprint/shadow route for controller: ping
2015-11-08T00:35:53.483Z - silly: [31ms[39m[33mi[39m[32ml[39m[34ml[39m[35my[39m[31m:[39m Binding action (globalid) blueprint/shadow route for controller: ping
2015-11-08T00:35:53.483Z - silly: [31ms[39m[33mi[39m[32ml[39m[34ml[39m[35my[39m[31m:[39m Binding action (sails) blueprint/shadow route for controller: ping
2015-11-08T00:35:53.491Z - silly: [31ms[39m[33mi[39m[32ml[39m[34ml[39m[35my[39m[31m:[39m Binding action (index) blueprint/shadow route for controller: search
2015-11-08T00:35:53.492Z - silly: [31ms[39m[33mi[39m[32ml[39m[34ml[39m[35my[39m[31m:[39m Binding route ::   /v1/search/index/:id? (POLICY: isAuthenticated)
2015-11-08T00:35:53.495Z - silly: [31ms[39m[33mi[39m[32ml[39m[34ml[39m[35my[39m[31m:[39m Binding route ::   /v1/search/index/:id? (ACTION: search/index)
2015-11-08T00:35:53.497Z - silly: [31ms[39m[33mi[39m[32ml[39m[34ml[39m[35my[39m[31m:[39m Binding index blueprint/shadow route for controller: search
2015-11-08T00:35:53.497Z - silly: [31ms[39m[33mi[39m[32ml[39m[34ml[39m[35my[39m[31m:[39m Binding route ::   /v1/search (POLICY: isAuthenticated)
2015-11-08T00:35:53.498Z - silly: [31ms[39m[33mi[39m[32ml[39m[34ml[39m[35my[39m[31m:[39m Binding route ::   /v1/search (ACTION: search/index)
2015-11-08T00:35:53.499Z - silly: [31ms[39m[33mi[39m[32ml[39m[34ml[39m[35my[39m[31m:[39m Binding action (identity) blueprint/shadow route for controller: search
2015-11-08T00:35:53.500Z - silly: [31ms[39m[33mi[39m[32ml[39m[34ml[39m[35my[39m[31m:[39m Binding action (globalid) blueprint/shadow route for controller: search
2015-11-08T00:35:53.500Z - silly: [31ms[39m[33mi[39m[32ml[39m[34ml[39m[35my[39m[31m:[39m Binding action (sails) blueprint/shadow route for controller: search
2015-11-08T00:35:53.518Z - silly: [31ms[39m[33mi[39m[32ml[39m[34ml[39m[35my[39m[31m:[39m Binding action (identity) blueprint/shadow route for controller: user
2015-11-08T00:35:53.519Z - silly: [31ms[39m[33mi[39m[32ml[39m[34ml[39m[35my[39m[31m:[39m Binding action (globalid) blueprint/shadow route for controller: user
2015-11-08T00:35:53.519Z - silly: [31ms[39m[33mi[39m[32ml[39m[34ml[39m[35my[39m[31m:[39m Binding action (sails) blueprint/shadow route for controller: user
2015-11-08T00:35:53.525Z - silly: [31ms[39m[33mi[39m[32ml[39m[34ml[39m[35my[39m[31m:[39m Binding RESTful blueprint/shadow routes for model+controller: user
2015-11-08T00:35:53.527Z - silly: [31ms[39m[33mi[39m[32ml[39m[34ml[39m[35my[39m[31m:[39m Binding route ::  get /v1/users (POLICY: isAuthenticated)
2015-11-08T00:35:53.527Z - silly: [31ms[39m[33mi[39m[32ml[39m[34ml[39m[35my[39m[31m:[39m Binding route ::  get /v1/users (POLICY: isSuperAdmin)
2015-11-08T00:35:53.528Z - silly: [31ms[39m[33mi[39m[32ml[39m[34ml[39m[35my[39m[31m:[39m Binding route ::  get /v1/users (BLUEPRINT: )
2015-11-08T00:35:53.529Z - silly: [31ms[39m[33mi[39m[32ml[39m[34ml[39m[35my[39m[31m:[39m Binding route ::  get /v1/users/:id (POLICY: isAuthenticated)
2015-11-08T00:35:53.530Z - silly: [31ms[39m[33mi[39m[32ml[39m[34ml[39m[35my[39m[31m:[39m Binding route ::  get /v1/users/:id (BLUEPRINT: )
2015-11-08T00:35:53.531Z - silly: [31ms[39m[33mi[39m[32ml[39m[34ml[39m[35my[39m[31m:[39m Binding route ::  post /v1/users (POLICY: isAuthenticated)
2015-11-08T00:35:53.532Z - silly: [31ms[39m[33mi[39m[32ml[39m[34ml[39m[35my[39m[31m:[39m Binding route ::  post /v1/users (BLUEPRINT: )
2015-11-08T00:35:53.533Z - silly: [31ms[39m[33mi[39m[32ml[39m[34ml[39m[35my[39m[31m:[39m Binding route ::  put /v1/users/:id (POLICY: isAuthenticated)
2015-11-08T00:35:53.534Z - silly: [31ms[39m[33mi[39m[32ml[39m[34ml[39m[35my[39m[31m:[39m Binding route ::  put /v1/users/:id (BLUEPRINT: )
2015-11-08T00:35:53.535Z - silly: [31ms[39m[33mi[39m[32ml[39m[34ml[39m[35my[39m[31m:[39m Binding route ::  post /v1/users/:id (POLICY: isAuthenticated)
2015-11-08T00:35:53.536Z - silly: [31ms[39m[33mi[39m[32ml[39m[34ml[39m[35my[39m[31m:[39m Binding route ::  post /v1/users/:id (BLUEPRINT: )
2015-11-08T00:35:53.537Z - silly: [31ms[39m[33mi[39m[32ml[39m[34ml[39m[35my[39m[31m:[39m Binding route ::  delete /v1/users/:id? (POLICY: isAuthenticated)
2015-11-08T00:35:53.538Z - silly: [31ms[39m[33mi[39m[32ml[39m[34ml[39m[35my[39m[31m:[39m Binding route ::  delete /v1/users/:id? (BLUEPRINT: )
2015-11-08T00:35:53.539Z - silly: [31ms[39m[33mi[39m[32ml[39m[34ml[39m[35my[39m[31m:[39m Binding RESTful association blueprint `role` for user
2015-11-08T00:35:53.540Z - silly: [31ms[39m[33mi[39m[32ml[39m[34ml[39m[35my[39m[31m:[39m Binding route ::  get /v1/users/:parentid/role/:id? (POLICY: isAuthenticated)
2015-11-08T00:35:53.541Z - silly: [31ms[39m[33mi[39m[32ml[39m[34ml[39m[35my[39m[31m:[39m Binding route ::  get /v1/users/:parentid/role/:id? (BLUEPRINT: expand)
2015-11-08T00:35:53.542Z - silly: [31ms[39m[33mi[39m[32ml[39m[34ml[39m[35my[39m[31m:[39m Binding RESTful association blueprint `stateId` for user
2015-11-08T00:35:53.543Z - silly: [31ms[39m[33mi[39m[32ml[39m[34ml[39m[35my[39m[31m:[39m Binding route ::  get /v1/users/:parentid/stateId/:id? (POLICY: isAuthenticated)
2015-11-08T00:35:53.543Z - silly: [31ms[39m[33mi[39m[32ml[39m[34ml[39m[35my[39m[31m:[39m Binding route ::  get /v1/users/:parentid/stateId/:id? (BLUEPRINT: expand)
2015-11-08T00:35:53.545Z - verbose: [36mverbose: [39mAll hooks were loaded successfully.
2015-11-08T00:35:53.545Z - verbose: [36mverbose: [39mStarting app at /home/tenhsor/Proyectos/jukebuzz/jukebuzz-api...
2015-11-08T00:35:53.547Z - verbose: [36mverbose: [39mRunning the setup logic in `sails.config.bootstrap(cb)`...
2015-11-08T00:35:53.556Z - debug: [34mdebug: [39mRole had models, so no seed needed
2015-11-08T00:35:53.562Z - info: [32minfo: [39m
2015-11-08T00:35:53.562Z - info: [32minfo: [39m               .-..-.
2015-11-08T00:35:53.563Z - info: [32minfo: [39m
2015-11-08T00:35:53.563Z - info: [32minfo: [39m   Sails              <|    .-..-.
2015-11-08T00:35:53.563Z - info: [32minfo: [39m   v0.11.2             |\
2015-11-08T00:35:53.564Z - info: [32minfo: [39m                      /|.\
2015-11-08T00:35:53.564Z - info: [32minfo: [39m                     / || \
2015-11-08T00:35:53.565Z - info: [32minfo: [39m                   ,'  |'  \
2015-11-08T00:35:53.565Z - info: [32minfo: [39m                .-'.-==|/_--'
2015-11-08T00:35:53.565Z - info: [32minfo: [39m                `--'-------' 
2015-11-08T00:35:53.566Z - info: [32minfo: [39m   __---___--___---___--___---___--___
2015-11-08T00:35:53.566Z - info: [32minfo: [39m ____---___--___---___--___---___--___-__
2015-11-08T00:35:53.566Z - info: [32minfo: [39m
2015-11-08T00:35:53.567Z - info: [32minfo: [39mServer lifted in `/home/tenhsor/Proyectos/jukebuzz/jukebuzz-api`
2015-11-08T00:35:53.568Z - info: [32minfo: [39mTo see your app, visit [4mhttp://localhost:3000[24m
2015-11-08T00:35:53.568Z - info: [32minfo: [39mTo shut down Sails, press <CTRL> + C at any time.
2015-11-08T00:35:53.568Z - debug: [34mdebug: [39m[90m--------------------------------------------------------[39m
2015-11-08T00:35:53.571Z - debug: [34mdebug: [39m[90m:: Sat Nov 07 2015 18:35:53 GMT-0600 (CST)[39m
2015-11-08T00:35:53.571Z - debug: [34mdebug: [39mEnvironment : development
2015-11-08T00:35:53.572Z - debug: [34mdebug: [39mPort        : 3000
2015-11-08T00:35:53.572Z - debug: [34mdebug: [39m[90m--------------------------------------------------------[39m
2015-11-08T00:35:54.401Z - verbose: [36mverbose: [39msails-hook-sockets :: connected to Sails admin message bus.
2015-11-08T00:35:52.275Z - verbose: [36mverbose: [39mLoading adapter ( sails-mysql ) for country  from `node_modules` directory...
2015-11-08T00:35:52.327Z - verbose: [36mverbose: [39mLoading adapter ( sails-mongo ) for role  from `node_modules` directory...
2015-11-08T00:35:52.984Z - verbose: [36mverbose: [39mStarting ORM...
2015-11-08T00:35:52.985Z - silly: [31ms[39m[33mi[39m[32ml[39m[34ml[39m[35my[39m[31m:[39m Registering model `country` in Waterline (ORM)
2015-11-08T00:35:52.986Z - silly: [31ms[39m[33mi[39m[32ml[39m[34ml[39m[35my[39m[31m:[39m Registering model `role` in Waterline (ORM)
2015-11-08T00:35:52.986Z - silly: [31ms[39m[33mi[39m[32ml[39m[34ml[39m[35my[39m[31m:[39m Registering model `state` in Waterline (ORM)
2015-11-08T00:35:52.987Z - silly: [31ms[39m[33mi[39m[32ml[39m[34ml[39m[35my[39m[31m:[39m Registering model `user` in Waterline (ORM)
2015-11-08T01:55:37.627Z - verbose: [36mverbose: [39mLowering sails...
2015-11-08T01:55:37.639Z - verbose: [36mverbose: [39mShutting down socket server...
2015-11-08T01:55:37.641Z - verbose: [36mverbose: [39mShutting down HTTP server...
2015-11-08T01:55:43.122Z - verbose: [36mverbose: [39mlogger hook loaded successfully.
2015-11-08T01:55:43.124Z - verbose: [36mverbose: [39mrequest hook loaded successfully.
2015-11-08T01:55:43.125Z - verbose: [36mverbose: [39mLoading the app's models and adapters...
2015-11-08T01:55:43.126Z - verbose: [36mverbose: [39mLoading app models...
2015-11-08T01:55:43.129Z - verbose: [36mverbose: [39mLoading app adapters...
2015-11-08T01:55:43.131Z - verbose: [36mverbose: [39mLoading blueprint middleware...
2015-11-08T01:55:43.182Z - verbose: [36mverbose: [39mblueprints hook loaded successfully.
2015-11-08T01:55:43.183Z - verbose: [36mverbose: [39mresponses hook loaded successfully.
2015-11-08T01:55:43.188Z - verbose: [36mverbose: [39mcontrollers hook loaded successfully.
2015-11-08T01:55:43.190Z - verbose: [36mverbose: [39mLoading policy modules from app...
2015-11-08T01:55:43.194Z - verbose: [36mverbose: [39mFinished loading policy middleware logic.
2015-11-08T01:55:43.194Z - verbose: [36mverbose: [39mpolicies hook loaded successfully.
2015-11-08T01:55:43.194Z - verbose: [36mverbose: [39mservices hook loaded successfully.
2015-11-08T01:55:43.195Z - verbose: [36mverbose: [39mcors hook loaded successfully.
2015-11-08T01:55:43.400Z - verbose: [36mverbose: [39mhttp hook loaded successfully.
2015-11-08T01:55:43.401Z - verbose: [36mverbose: [39mPreparing socket.io...
2015-11-08T01:55:43.428Z - verbose: [36mverbose: [39msockets hook loaded successfully.
2015-11-08T01:55:43.428Z - verbose: [36mverbose: [39mpluralize-only-rest-models hook loaded successfully.
2015-11-08T01:55:43.429Z - verbose: [36mverbose: [39mcron hook loaded successfully.
2015-11-08T01:55:43.885Z - verbose: [36mverbose: [39morm hook loaded successfully.
2015-11-08T01:55:43.887Z - verbose: [36mverbose: [39mBuilt-in hooks are ready.
2015-11-08T01:55:43.888Z - verbose: [36mverbose: [39mInstantiating registry...
2015-11-08T01:55:43.889Z - verbose: [36mverbose: [39mLoading router...
2015-11-08T01:55:43.891Z - silly: [31ms[39m[33mi[39m[32ml[39m[34ml[39m[35my[39m[31m:[39m Binding route ::  all /* (REQUEST HOOK: addMixins)
2015-11-08T01:55:43.895Z - silly: [31ms[39m[33mi[39m[32ml[39m[34ml[39m[35my[39m[31m:[39m Binding route ::  all /* (RESPONSES HOOK: addResponseMethods)
2015-11-08T01:55:43.899Z - verbose: [36mverbose: [39mPolicy-controller bindings complete!
2015-11-08T01:55:43.900Z - silly: [31ms[39m[33mi[39m[32ml[39m[34ml[39m[35my[39m[31m:[39m Binding route ::  all /* (CORS HOOK: sendHeaders)
2015-11-08T01:55:43.907Z - silly: [31ms[39m[33mi[39m[32ml[39m[34ml[39m[35my[39m[31m:[39m Binding route ::  get /v1/countries (POLICY: alwaysAllow)
2015-11-08T01:55:43.908Z - silly: [31ms[39m[33mi[39m[32ml[39m[34ml[39m[35my[39m[31m:[39m Binding route ::  get /v1/countries (ACTION: world/findcountries)
2015-11-08T01:55:43.909Z - silly: [31ms[39m[33mi[39m[32ml[39m[34ml[39m[35my[39m[31m:[39m Binding route ::  get /v1/countries/:country_id/states (POLICY: alwaysAllow)
2015-11-08T01:55:43.910Z - silly: [31ms[39m[33mi[39m[32ml[39m[34ml[39m[35my[39m[31m:[39m Binding route ::  get /v1/countries/:country_id/states (ACTION: world/findstatesbycountry)
2015-11-08T01:55:43.910Z - silly: [31ms[39m[33mi[39m[32ml[39m[34ml[39m[35my[39m[31m:[39m Binding route ::  get /__getcookie (SOCKETS HOOK)
2015-11-08T01:55:43.913Z - silly: [31ms[39m[33mi[39m[32ml[39m[34ml[39m[35my[39m[31m:[39m Binding action (signin) blueprint/shadow route for controller: auth
2015-11-08T01:55:43.914Z - silly: [31ms[39m[33mi[39m[32ml[39m[34ml[39m[35my[39m[31m:[39m Binding route ::   /v1/auth/signin/:id? (POLICY: alwaysAllow)
2015-11-08T01:55:43.915Z - silly: [31ms[39m[33mi[39m[32ml[39m[34ml[39m[35my[39m[31m:[39m Binding route ::   /v1/auth/signin/:id? (ACTION: auth/signin)
2015-11-08T01:55:43.917Z - silly: [31ms[39m[33mi[39m[32ml[39m[34ml[39m[35my[39m[31m:[39m Binding action (signup) blueprint/shadow route for controller: auth
2015-11-08T01:55:43.917Z - silly: [31ms[39m[33mi[39m[32ml[39m[34ml[39m[35my[39m[31m:[39m Binding route ::   /v1/auth/signup/:id? (POLICY: alwaysAllow)
2015-11-08T01:55:43.919Z - silly: [31ms[39m[33mi[39m[32ml[39m[34ml[39m[35my[39m[31m:[39m Binding route ::   /v1/auth/signup/:id? (ACTION: auth/signup)
2015-11-08T01:55:43.921Z - silly: [31ms[39m[33mi[39m[32ml[39m[34ml[39m[35my[39m[31m:[39m Binding action (social) blueprint/shadow route for controller: auth
2015-11-08T01:55:43.922Z - silly: [31ms[39m[33mi[39m[32ml[39m[34ml[39m[35my[39m[31m:[39m Binding route ::   /v1/auth/social/:id? (POLICY: alwaysAllow)
2015-11-08T01:55:43.923Z - silly: [31ms[39m[33mi[39m[32ml[39m[34ml[39m[35my[39m[31m:[39m Binding route ::   /v1/auth/social/:id? (ACTION: auth/social)
2015-11-08T01:55:43.925Z - silly: [31ms[39m[33mi[39m[32ml[39m[34ml[39m[35my[39m[31m:[39m Binding action (refresh_token) blueprint/shadow route for controller: auth
2015-11-08T01:55:43.925Z - silly: [31ms[39m[33mi[39m[32ml[39m[34ml[39m[35my[39m[31m:[39m Binding route ::   /v1/auth/refresh_token/:id? (POLICY: alwaysAllow)
2015-11-08T01:55:43.927Z - silly: [31ms[39m[33mi[39m[32ml[39m[34ml[39m[35my[39m[31m:[39m Binding route ::   /v1/auth/refresh_token/:id? (ACTION: auth/refresh_token)
2015-11-08T01:55:43.928Z - silly: [31ms[39m[33mi[39m[32ml[39m[34ml[39m[35my[39m[31m:[39m Binding action (identity) blueprint/shadow route for controller: auth
2015-11-08T01:55:43.928Z - silly: [31ms[39m[33mi[39m[32ml[39m[34ml[39m[35my[39m[31m:[39m Binding action (globalid) blueprint/shadow route for controller: auth
2015-11-08T01:55:43.929Z - silly: [31ms[39m[33mi[39m[32ml[39m[34ml[39m[35my[39m[31m:[39m Binding action (sails) blueprint/shadow route for controller: auth
2015-11-08T01:55:43.948Z - silly: [31ms[39m[33mi[39m[32ml[39m[34ml[39m[35my[39m[31m:[39m Binding action (index) blueprint/shadow route for controller: ping
2015-11-08T01:55:43.948Z - silly: [31ms[39m[33mi[39m[32ml[39m[34ml[39m[35my[39m[31m:[39m Binding route ::   /v1/ping/index/:id? (POLICY: alwaysAllow)
2015-11-08T01:55:43.950Z - silly: [31ms[39m[33mi[39m[32ml[39m[34ml[39m[35my[39m[31m:[39m Binding route ::   /v1/ping/index/:id? (ACTION: ping/index)
2015-11-08T01:55:43.951Z - silly: [31ms[39m[33mi[39m[32ml[39m[34ml[39m[35my[39m[31m:[39m Binding index blueprint/shadow route for controller: ping
2015-11-08T01:55:43.952Z - silly: [31ms[39m[33mi[39m[32ml[39m[34ml[39m[35my[39m[31m:[39m Binding route ::   /v1/ping (POLICY: alwaysAllow)
2015-11-08T01:55:43.953Z - silly: [31ms[39m[33mi[39m[32ml[39m[34ml[39m[35my[39m[31m:[39m Binding route ::   /v1/ping (ACTION: ping/index)
2015-11-08T01:55:43.954Z - silly: [31ms[39m[33mi[39m[32ml[39m[34ml[39m[35my[39m[31m:[39m Binding action (identity) blueprint/shadow route for controller: ping
2015-11-08T01:55:43.955Z - silly: [31ms[39m[33mi[39m[32ml[39m[34ml[39m[35my[39m[31m:[39m Binding action (globalid) blueprint/shadow route for controller: ping
2015-11-08T01:55:43.955Z - silly: [31ms[39m[33mi[39m[32ml[39m[34ml[39m[35my[39m[31m:[39m Binding action (sails) blueprint/shadow route for controller: ping
2015-11-08T01:55:43.964Z - silly: [31ms[39m[33mi[39m[32ml[39m[34ml[39m[35my[39m[31m:[39m Binding action (index) blueprint/shadow route for controller: search
2015-11-08T01:55:43.965Z - silly: [31ms[39m[33mi[39m[32ml[39m[34ml[39m[35my[39m[31m:[39m Binding route ::   /v1/search/index/:id? (POLICY: isAuthenticated)
2015-11-08T01:55:43.968Z - silly: [31ms[39m[33mi[39m[32ml[39m[34ml[39m[35my[39m[31m:[39m Binding route ::   /v1/search/index/:id? (ACTION: search/index)
2015-11-08T01:55:43.970Z - silly: [31ms[39m[33mi[39m[32ml[39m[34ml[39m[35my[39m[31m:[39m Binding index blueprint/shadow route for controller: search
2015-11-08T01:55:43.970Z - silly: [31ms[39m[33mi[39m[32ml[39m[34ml[39m[35my[39m[31m:[39m Binding route ::   /v1/search (POLICY: isAuthenticated)
2015-11-08T01:55:43.971Z - silly: [31ms[39m[33mi[39m[32ml[39m[34ml[39m[35my[39m[31m:[39m Binding route ::   /v1/search (ACTION: search/index)
2015-11-08T01:55:43.972Z - silly: [31ms[39m[33mi[39m[32ml[39m[34ml[39m[35my[39m[31m:[39m Binding action (identity) blueprint/shadow route for controller: search
2015-11-08T01:55:43.972Z - silly: [31ms[39m[33mi[39m[32ml[39m[34ml[39m[35my[39m[31m:[39m Binding action (globalid) blueprint/shadow route for controller: search
2015-11-08T01:55:43.973Z - silly: [31ms[39m[33mi[39m[32ml[39m[34ml[39m[35my[39m[31m:[39m Binding action (sails) blueprint/shadow route for controller: search
2015-11-08T01:55:43.979Z - silly: [31ms[39m[33mi[39m[32ml[39m[34ml[39m[35my[39m[31m:[39m Binding action (identity) blueprint/shadow route for controller: user
2015-11-08T01:55:43.980Z - silly: [31ms[39m[33mi[39m[32ml[39m[34ml[39m[35my[39m[31m:[39m Binding action (globalid) blueprint/shadow route for controller: user
2015-11-08T01:55:43.980Z - silly: [31ms[39m[33mi[39m[32ml[39m[34ml[39m[35my[39m[31m:[39m Binding action (sails) blueprint/shadow route for controller: user
2015-11-08T01:55:43.987Z - silly: [31ms[39m[33mi[39m[32ml[39m[34ml[39m[35my[39m[31m:[39m Binding RESTful blueprint/shadow routes for model+controller: user
2015-11-08T01:55:43.988Z - silly: [31ms[39m[33mi[39m[32ml[39m[34ml[39m[35my[39m[31m:[39m Binding route ::  get /v1/users (POLICY: isAuthenticated)
2015-11-08T01:55:43.989Z - silly: [31ms[39m[33mi[39m[32ml[39m[34ml[39m[35my[39m[31m:[39m Binding route ::  get /v1/users (POLICY: isSuperAdmin)
2015-11-08T01:55:43.990Z - silly: [31ms[39m[33mi[39m[32ml[39m[34ml[39m[35my[39m[31m:[39m Binding route ::  get /v1/users (BLUEPRINT: )
2015-11-08T01:55:43.991Z - silly: [31ms[39m[33mi[39m[32ml[39m[34ml[39m[35my[39m[31m:[39m Binding route ::  get /v1/users/:id (POLICY: isAuthenticated)
2015-11-08T01:55:43.992Z - silly: [31ms[39m[33mi[39m[32ml[39m[34ml[39m[35my[39m[31m:[39m Binding route ::  get /v1/users/:id (BLUEPRINT: )
2015-11-08T01:55:43.993Z - silly: [31ms[39m[33mi[39m[32ml[39m[34ml[39m[35my[39m[31m:[39m Binding route ::  post /v1/users (POLICY: isAuthenticated)
2015-11-08T01:55:43.994Z - silly: [31ms[39m[33mi[39m[32ml[39m[34ml[39m[35my[39m[31m:[39m Binding route ::  post /v1/users (BLUEPRINT: )
2015-11-08T01:55:43.995Z - silly: [31ms[39m[33mi[39m[32ml[39m[34ml[39m[35my[39m[31m:[39m Binding route ::  put /v1/users/:id (POLICY: isAuthenticated)
2015-11-08T01:55:43.996Z - silly: [31ms[39m[33mi[39m[32ml[39m[34ml[39m[35my[39m[31m:[39m Binding route ::  put /v1/users/:id (BLUEPRINT: )
2015-11-08T01:55:43.998Z - silly: [31ms[39m[33mi[39m[32ml[39m[34ml[39m[35my[39m[31m:[39m Binding route ::  post /v1/users/:id (POLICY: isAuthenticated)
2015-11-08T01:55:43.999Z - silly: [31ms[39m[33mi[39m[32ml[39m[34ml[39m[35my[39m[31m:[39m Binding route ::  post /v1/users/:id (BLUEPRINT: )
2015-11-08T01:55:44.000Z - silly: [31ms[39m[33mi[39m[32ml[39m[34ml[39m[35my[39m[31m:[39m Binding route ::  delete /v1/users/:id? (POLICY: isAuthenticated)
2015-11-08T01:55:44.001Z - silly: [31ms[39m[33mi[39m[32ml[39m[34ml[39m[35my[39m[31m:[39m Binding route ::  delete /v1/users/:id? (BLUEPRINT: )
2015-11-08T01:55:44.003Z - silly: [31ms[39m[33mi[39m[32ml[39m[34ml[39m[35my[39m[31m:[39m Binding RESTful association blueprint `role` for user
2015-11-08T01:55:44.004Z - silly: [31ms[39m[33mi[39m[32ml[39m[34ml[39m[35my[39m[31m:[39m Binding route ::  get /v1/users/:parentid/role/:id? (POLICY: isAuthenticated)
2015-11-08T01:55:44.004Z - silly: [31ms[39m[33mi[39m[32ml[39m[34ml[39m[35my[39m[31m:[39m Binding route ::  get /v1/users/:parentid/role/:id? (BLUEPRINT: expand)
2015-11-08T01:55:44.005Z - silly: [31ms[39m[33mi[39m[32ml[39m[34ml[39m[35my[39m[31m:[39m Binding RESTful association blueprint `stateId` for user
2015-11-08T01:55:44.006Z - silly: [31ms[39m[33mi[39m[32ml[39m[34ml[39m[35my[39m[31m:[39m Binding route ::  get /v1/users/:parentid/stateId/:id? (POLICY: isAuthenticated)
2015-11-08T01:55:44.007Z - silly: [31ms[39m[33mi[39m[32ml[39m[34ml[39m[35my[39m[31m:[39m Binding route ::  get /v1/users/:parentid/stateId/:id? (BLUEPRINT: expand)
2015-11-08T01:55:44.017Z - verbose: [36mverbose: [39mAll hooks were loaded successfully.
2015-11-08T01:55:44.017Z - verbose: [36mverbose: [39mStarting app at /home/tenhsor/Proyectos/jukebuzz/jukebuzz-api...
2015-11-08T01:55:44.018Z - verbose: [36mverbose: [39mRunning the setup logic in `sails.config.bootstrap(cb)`...
2015-11-08T01:55:44.027Z - debug: [34mdebug: [39mRole had models, so no seed needed
2015-11-08T01:55:44.032Z - info: [32minfo: [39m
2015-11-08T01:55:44.033Z - info: [32minfo: [39m               .-..-.
2015-11-08T01:55:44.033Z - info: [32minfo: [39m
2015-11-08T01:55:44.034Z - info: [32minfo: [39m   Sails              <|    .-..-.
2015-11-08T01:55:44.034Z - info: [32minfo: [39m   v0.11.2             |\
2015-11-08T01:55:44.035Z - info: [32minfo: [39m                      /|.\
2015-11-08T01:55:44.035Z - info: [32minfo: [39m                     / || \
2015-11-08T01:55:44.035Z - info: [32minfo: [39m                   ,'  |'  \
2015-11-08T01:55:44.036Z - info: [32minfo: [39m                .-'.-==|/_--'
2015-11-08T01:55:44.036Z - info: [32minfo: [39m                `--'-------' 
2015-11-08T01:55:44.037Z - info: [32minfo: [39m   __---___--___---___--___---___--___
2015-11-08T01:55:44.037Z - info: [32minfo: [39m ____---___--___---___--___---___--___-__
2015-11-08T01:55:44.037Z - info: [32minfo: [39m
2015-11-08T01:55:44.038Z - info: [32minfo: [39mServer lifted in `/home/tenhsor/Proyectos/jukebuzz/jukebuzz-api`
2015-11-08T01:55:44.039Z - info: [32minfo: [39mTo see your app, visit [4mhttp://localhost:3000[24m
2015-11-08T01:55:44.039Z - info: [32minfo: [39mTo shut down Sails, press <CTRL> + C at any time.
2015-11-08T01:55:44.040Z - debug: [34mdebug: [39m[90m--------------------------------------------------------[39m
2015-11-08T01:55:44.042Z - debug: [34mdebug: [39m[90m:: Sat Nov 07 2015 19:55:44 GMT-0600 (CST)[39m
2015-11-08T01:55:44.043Z - debug: [34mdebug: [39mEnvironment : development
2015-11-08T01:55:44.043Z - debug: [34mdebug: [39mPort        : 3000
2015-11-08T01:55:44.044Z - debug: [34mdebug: [39m[90m--------------------------------------------------------[39m
2015-11-08T01:55:45.160Z - verbose: [36mverbose: [39msails-hook-sockets :: connected to Sails admin message bus.
2015-11-08T01:55:43.437Z - verbose: [36mverbose: [39mLoading adapter ( sails-mysql ) for country  from `node_modules` directory...
2015-11-08T01:55:43.494Z - verbose: [36mverbose: [39mLoading adapter ( sails-mongo ) for role  from `node_modules` directory...
2015-11-08T01:55:43.721Z - verbose: [36mverbose: [39mStarting ORM...
2015-11-08T01:55:43.721Z - silly: [31ms[39m[33mi[39m[32ml[39m[34ml[39m[35my[39m[31m:[39m Registering model `country` in Waterline (ORM)
2015-11-08T01:55:43.722Z - silly: [31ms[39m[33mi[39m[32ml[39m[34ml[39m[35my[39m[31m:[39m Registering model `role` in Waterline (ORM)
2015-11-08T01:55:43.723Z - silly: [31ms[39m[33mi[39m[32ml[39m[34ml[39m[35my[39m[31m:[39m Registering model `state` in Waterline (ORM)
2015-11-08T01:55:43.723Z - silly: [31ms[39m[33mi[39m[32ml[39m[34ml[39m[35my[39m[31m:[39m Registering model `user` in Waterline (ORM)
2015-11-08T03:35:34.217Z - verbose: [36mverbose: [39mLowering sails...
2015-11-08T03:35:34.225Z - verbose: [36mverbose: [39mShutting down socket server...
2015-11-08T03:35:34.226Z - verbose: [36mverbose: [39mShutting down HTTP server...
2015-11-08T03:35:34.241Z - verbose: [36mverbose: [39mHTTP server shut down successfully.
2015-11-08T03:35:53.029Z - verbose: [36mverbose: [39mlogger hook loaded successfully.
2015-11-08T03:35:53.031Z - verbose: [36mverbose: [39mrequest hook loaded successfully.
2015-11-08T03:35:53.032Z - verbose: [36mverbose: [39mLoading the app's models and adapters...
2015-11-08T03:35:53.033Z - verbose: [36mverbose: [39mLoading app models...
2015-11-08T03:35:53.090Z - verbose: [36mverbose: [39mLoading app adapters...
2015-11-08T03:35:53.092Z - verbose: [36mverbose: [39mLoading blueprint middleware...
2015-11-08T03:35:53.562Z - verbose: [36mverbose: [39mblueprints hook loaded successfully.
2015-11-08T03:35:53.563Z - verbose: [36mverbose: [39mresponses hook loaded successfully.
2015-11-08T03:35:53.603Z - verbose: [36mverbose: [39mcontrollers hook loaded successfully.
2015-11-08T03:35:53.608Z - verbose: [36mverbose: [39mLoading policy modules from app...
2015-11-08T03:35:53.629Z - verbose: [36mverbose: [39mFinished loading policy middleware logic.
2015-11-08T03:35:53.630Z - verbose: [36mverbose: [39mpolicies hook loaded successfully.
2015-11-08T03:35:53.630Z - verbose: [36mverbose: [39mservices hook loaded successfully.
2015-11-08T03:35:53.631Z - verbose: [36mverbose: [39mcors hook loaded successfully.
2015-11-08T03:35:54.474Z - verbose: [36mverbose: [39mhttp hook loaded successfully.
2015-11-08T03:35:54.477Z - verbose: [36mverbose: [39mPreparing socket.io...
2015-11-08T03:35:54.658Z - verbose: [36mverbose: [39msockets hook loaded successfully.
2015-11-08T03:35:54.659Z - verbose: [36mverbose: [39mpluralize-only-rest-models hook loaded successfully.
2015-11-08T03:35:54.660Z - verbose: [36mverbose: [39mcron hook loaded successfully.
2015-11-08T03:35:55.909Z - verbose: [36mverbose: [39morm hook loaded successfully.
2015-11-08T03:35:55.911Z - verbose: [36mverbose: [39mBuilt-in hooks are ready.
2015-11-08T03:35:55.912Z - verbose: [36mverbose: [39mInstantiating registry...
2015-11-08T03:35:55.914Z - verbose: [36mverbose: [39mLoading router...
2015-11-08T03:35:55.916Z - silly: [31ms[39m[33mi[39m[32ml[39m[34ml[39m[35my[39m[31m:[39m Binding route ::  all /* (REQUEST HOOK: addMixins)
2015-11-08T03:35:55.921Z - silly: [31ms[39m[33mi[39m[32ml[39m[34ml[39m[35my[39m[31m:[39m Binding route ::  all /* (RESPONSES HOOK: addResponseMethods)
2015-11-08T03:35:55.925Z - verbose: [36mverbose: [39mPolicy-controller bindings complete!
2015-11-08T03:35:55.926Z - silly: [31ms[39m[33mi[39m[32ml[39m[34ml[39m[35my[39m[31m:[39m Binding route ::  all /* (CORS HOOK: sendHeaders)
2015-11-08T03:35:55.933Z - silly: [31ms[39m[33mi[39m[32ml[39m[34ml[39m[35my[39m[31m:[39m Binding route ::  get /v1/countries (POLICY: alwaysAllow)
2015-11-08T03:35:55.934Z - silly: [31ms[39m[33mi[39m[32ml[39m[34ml[39m[35my[39m[31m:[39m Binding route ::  get /v1/countries (ACTION: world/findcountries)
2015-11-08T03:35:55.934Z - silly: [31ms[39m[33mi[39m[32ml[39m[34ml[39m[35my[39m[31m:[39m Binding route ::  get /v1/countries/:country_id/states (POLICY: alwaysAllow)
2015-11-08T03:35:55.935Z - silly: [31ms[39m[33mi[39m[32ml[39m[34ml[39m[35my[39m[31m:[39m Binding route ::  get /v1/countries/:country_id/states (ACTION: world/findstatesbycountry)
2015-11-08T03:35:55.937Z - silly: [31ms[39m[33mi[39m[32ml[39m[34ml[39m[35my[39m[31m:[39m Binding route ::  get /__getcookie (SOCKETS HOOK)
2015-11-08T03:35:55.939Z - silly: [31ms[39m[33mi[39m[32ml[39m[34ml[39m[35my[39m[31m:[39m Binding action (signin) blueprint/shadow route for controller: auth
2015-11-08T03:35:55.940Z - silly: [31ms[39m[33mi[39m[32ml[39m[34ml[39m[35my[39m[31m:[39m Binding route ::   /v1/auth/signin/:id? (POLICY: alwaysAllow)
2015-11-08T03:35:55.941Z - silly: [31ms[39m[33mi[39m[32ml[39m[34ml[39m[35my[39m[31m:[39m Binding route ::   /v1/auth/signin/:id? (ACTION: auth/signin)
2015-11-08T03:35:55.943Z - silly: [31ms[39m[33mi[39m[32ml[39m[34ml[39m[35my[39m[31m:[39m Binding action (signup) blueprint/shadow route for controller: auth
2015-11-08T03:35:55.944Z - silly: [31ms[39m[33mi[39m[32ml[39m[34ml[39m[35my[39m[31m:[39m Binding route ::   /v1/auth/signup/:id? (POLICY: alwaysAllow)
2015-11-08T03:35:55.945Z - silly: [31ms[39m[33mi[39m[32ml[39m[34ml[39m[35my[39m[31m:[39m Binding route ::   /v1/auth/signup/:id? (ACTION: auth/signup)
2015-11-08T03:35:55.946Z - silly: [31ms[39m[33mi[39m[32ml[39m[34ml[39m[35my[39m[31m:[39m Binding action (social) blueprint/shadow route for controller: auth
2015-11-08T03:35:55.947Z - silly: [31ms[39m[33mi[39m[32ml[39m[34ml[39m[35my[39m[31m:[39m Binding route ::   /v1/auth/social/:id? (POLICY: alwaysAllow)
2015-11-08T03:35:55.948Z - silly: [31ms[39m[33mi[39m[32ml[39m[34ml[39m[35my[39m[31m:[39m Binding route ::   /v1/auth/social/:id? (ACTION: auth/social)
2015-11-08T03:35:55.951Z - silly: [31ms[39m[33mi[39m[32ml[39m[34ml[39m[35my[39m[31m:[39m Binding action (refresh_token) blueprint/shadow route for controller: auth
2015-11-08T03:35:55.951Z - silly: [31ms[39m[33mi[39m[32ml[39m[34ml[39m[35my[39m[31m:[39m Binding route ::   /v1/auth/refresh_token/:id? (POLICY: alwaysAllow)
2015-11-08T03:35:55.953Z - silly: [31ms[39m[33mi[39m[32ml[39m[34ml[39m[35my[39m[31m:[39m Binding route ::   /v1/auth/refresh_token/:id? (ACTION: auth/refresh_token)
2015-11-08T03:35:55.954Z - silly: [31ms[39m[33mi[39m[32ml[39m[34ml[39m[35my[39m[31m:[39m Binding action (identity) blueprint/shadow route for controller: auth
2015-11-08T03:35:55.955Z - silly: [31ms[39m[33mi[39m[32ml[39m[34ml[39m[35my[39m[31m:[39m Binding action (globalid) blueprint/shadow route for controller: auth
2015-11-08T03:35:55.955Z - silly: [31ms[39m[33mi[39m[32ml[39m[34ml[39m[35my[39m[31m:[39m Binding action (sails) blueprint/shadow route for controller: auth
2015-11-08T03:35:55.966Z - silly: [31ms[39m[33mi[39m[32ml[39m[34ml[39m[35my[39m[31m:[39m Binding action (index) blueprint/shadow route for controller: ping
2015-11-08T03:35:55.966Z - silly: [31ms[39m[33mi[39m[32ml[39m[34ml[39m[35my[39m[31m:[39m Binding route ::   /v1/ping/index/:id? (POLICY: alwaysAllow)
2015-11-08T03:35:55.968Z - silly: [31ms[39m[33mi[39m[32ml[39m[34ml[39m[35my[39m[31m:[39m Binding route ::   /v1/ping/index/:id? (ACTION: ping/index)
2015-11-08T03:35:55.969Z - silly: [31ms[39m[33mi[39m[32ml[39m[34ml[39m[35my[39m[31m:[39m Binding index blueprint/shadow route for controller: ping
2015-11-08T03:35:55.970Z - silly: [31ms[39m[33mi[39m[32ml[39m[34ml[39m[35my[39m[31m:[39m Binding route ::   /v1/ping (POLICY: alwaysAllow)
2015-11-08T03:35:55.971Z - silly: [31ms[39m[33mi[39m[32ml[39m[34ml[39m[35my[39m[31m:[39m Binding route ::   /v1/ping (ACTION: ping/index)
2015-11-08T03:35:55.972Z - silly: [31ms[39m[33mi[39m[32ml[39m[34ml[39m[35my[39m[31m:[39m Binding action (identity) blueprint/shadow route for controller: ping
2015-11-08T03:35:55.973Z - silly: [31ms[39m[33mi[39m[32ml[39m[34ml[39m[35my[39m[31m:[39m Binding action (globalid) blueprint/shadow route for controller: ping
2015-11-08T03:35:55.974Z - silly: [31ms[39m[33mi[39m[32ml[39m[34ml[39m[35my[39m[31m:[39m Binding action (sails) blueprint/shadow route for controller: ping
2015-11-08T03:35:55.987Z - silly: [31ms[39m[33mi[39m[32ml[39m[34ml[39m[35my[39m[31m:[39m Binding action (index) blueprint/shadow route for controller: search
2015-11-08T03:35:55.988Z - silly: [31ms[39m[33mi[39m[32ml[39m[34ml[39m[35my[39m[31m:[39m Binding route ::   /v1/search/index/:id? (POLICY: isAuthenticated)
2015-11-08T03:35:55.993Z - silly: [31ms[39m[33mi[39m[32ml[39m[34ml[39m[35my[39m[31m:[39m Binding route ::   /v1/search/index/:id? (ACTION: search/index)
2015-11-08T03:35:55.995Z - silly: [31ms[39m[33mi[39m[32ml[39m[34ml[39m[35my[39m[31m:[39m Binding index blueprint/shadow route for controller: search
2015-11-08T03:35:55.996Z - silly: [31ms[39m[33mi[39m[32ml[39m[34ml[39m[35my[39m[31m:[39m Binding route ::   /v1/search (POLICY: isAuthenticated)
2015-11-08T03:35:55.997Z - silly: [31ms[39m[33mi[39m[32ml[39m[34ml[39m[35my[39m[31m:[39m Binding route ::   /v1/search (ACTION: search/index)
2015-11-08T03:35:55.998Z - silly: [31ms[39m[33mi[39m[32ml[39m[34ml[39m[35my[39m[31m:[39m Binding action (identity) blueprint/shadow route for controller: search
2015-11-08T03:35:55.998Z - silly: [31ms[39m[33mi[39m[32ml[39m[34ml[39m[35my[39m[31m:[39m Binding action (globalid) blueprint/shadow route for controller: search
2015-11-08T03:35:55.999Z - silly: [31ms[39m[33mi[39m[32ml[39m[34ml[39m[35my[39m[31m:[39m Binding action (sails) blueprint/shadow route for controller: search
2015-11-08T03:35:56.008Z - silly: [31ms[39m[33mi[39m[32ml[39m[34ml[39m[35my[39m[31m:[39m Binding action (identity) blueprint/shadow route for controller: user
2015-11-08T03:35:56.018Z - silly: [31ms[39m[33mi[39m[32ml[39m[34ml[39m[35my[39m[31m:[39m Binding action (globalid) blueprint/shadow route for controller: user
2015-11-08T03:35:56.019Z - silly: [31ms[39m[33mi[39m[32ml[39m[34ml[39m[35my[39m[31m:[39m Binding action (sails) blueprint/shadow route for controller: user
2015-11-08T03:35:56.025Z - silly: [31ms[39m[33mi[39m[32ml[39m[34ml[39m[35my[39m[31m:[39m Binding RESTful blueprint/shadow routes for model+controller: user
2015-11-08T03:35:56.026Z - silly: [31ms[39m[33mi[39m[32ml[39m[34ml[39m[35my[39m[31m:[39m Binding route ::  get /v1/users (POLICY: isAuthenticated)
2015-11-08T03:35:56.027Z - silly: [31ms[39m[33mi[39m[32ml[39m[34ml[39m[35my[39m[31m:[39m Binding route ::  get /v1/users (POLICY: isSuperAdmin)
2015-11-08T03:35:56.028Z - silly: [31ms[39m[33mi[39m[32ml[39m[34ml[39m[35my[39m[31m:[39m Binding route ::  get /v1/users (BLUEPRINT: )
2015-11-08T03:35:56.029Z - silly: [31ms[39m[33mi[39m[32ml[39m[34ml[39m[35my[39m[31m:[39m Binding route ::  get /v1/users/:id (POLICY: isAuthenticated)
2015-11-08T03:35:56.030Z - silly: [31ms[39m[33mi[39m[32ml[39m[34ml[39m[35my[39m[31m:[39m Binding route ::  get /v1/users/:id (BLUEPRINT: )
2015-11-08T03:35:56.031Z - silly: [31ms[39m[33mi[39m[32ml[39m[34ml[39m[35my[39m[31m:[39m Binding route ::  post /v1/users (POLICY: isAuthenticated)
2015-11-08T03:35:56.031Z - silly: [31ms[39m[33mi[39m[32ml[39m[34ml[39m[35my[39m[31m:[39m Binding route ::  post /v1/users (BLUEPRINT: )
2015-11-08T03:35:56.032Z - silly: [31ms[39m[33mi[39m[32ml[39m[34ml[39m[35my[39m[31m:[39m Binding route ::  put /v1/users/:id (POLICY: isAuthenticated)
2015-11-08T03:35:56.033Z - silly: [31ms[39m[33mi[39m[32ml[39m[34ml[39m[35my[39m[31m:[39m Binding route ::  put /v1/users/:id (BLUEPRINT: )
2015-11-08T03:35:56.034Z - silly: [31ms[39m[33mi[39m[32ml[39m[34ml[39m[35my[39m[31m:[39m Binding route ::  post /v1/users/:id (POLICY: isAuthenticated)
2015-11-08T03:35:56.036Z - silly: [31ms[39m[33mi[39m[32ml[39m[34ml[39m[35my[39m[31m:[39m Binding route ::  post /v1/users/:id (BLUEPRINT: )
2015-11-08T03:35:56.037Z - silly: [31ms[39m[33mi[39m[32ml[39m[34ml[39m[35my[39m[31m:[39m Binding route ::  delete /v1/users/:id? (POLICY: isAuthenticated)
2015-11-08T03:35:56.038Z - silly: [31ms[39m[33mi[39m[32ml[39m[34ml[39m[35my[39m[31m:[39m Binding route ::  delete /v1/users/:id? (BLUEPRINT: )
2015-11-08T03:35:56.039Z - silly: [31ms[39m[33mi[39m[32ml[39m[34ml[39m[35my[39m[31m:[39m Binding RESTful association blueprint `role` for user
2015-11-08T03:35:56.040Z - silly: [31ms[39m[33mi[39m[32ml[39m[34ml[39m[35my[39m[31m:[39m Binding route ::  get /v1/users/:parentid/role/:id? (POLICY: isAuthenticated)
2015-11-08T03:35:56.041Z - silly: [31ms[39m[33mi[39m[32ml[39m[34ml[39m[35my[39m[31m:[39m Binding route ::  get /v1/users/:parentid/role/:id? (BLUEPRINT: expand)
2015-11-08T03:35:56.041Z - silly: [31ms[39m[33mi[39m[32ml[39m[34ml[39m[35my[39m[31m:[39m Binding RESTful association blueprint `stateId` for user
2015-11-08T03:35:56.042Z - silly: [31ms[39m[33mi[39m[32ml[39m[34ml[39m[35my[39m[31m:[39m Binding route ::  get /v1/users/:parentid/stateId/:id? (POLICY: isAuthenticated)
2015-11-08T03:35:56.043Z - silly: [31ms[39m[33mi[39m[32ml[39m[34ml[39m[35my[39m[31m:[39m Binding route ::  get /v1/users/:parentid/stateId/:id? (BLUEPRINT: expand)
2015-11-08T03:35:56.044Z - verbose: [36mverbose: [39mAll hooks were loaded successfully.
2015-11-08T03:35:56.045Z - verbose: [36mverbose: [39mStarting app at /home/tenhsor/Proyectos/jukebuzz/jukebuzz-api...
2015-11-08T03:35:56.046Z - verbose: [36mverbose: [39mRunning the setup logic in `sails.config.bootstrap(cb)`...
2015-11-08T03:35:56.058Z - debug: [34mdebug: [39mRole had models, so no seed needed
2015-11-08T03:35:56.063Z - info: [32minfo: [39m
2015-11-08T03:35:56.063Z - info: [32minfo: [39m               .-..-.
2015-11-08T03:35:56.064Z - info: [32minfo: [39m
2015-11-08T03:35:56.064Z - info: [32minfo: [39m   Sails              <|    .-..-.
2015-11-08T03:35:56.064Z - info: [32minfo: [39m   v0.11.2             |\
2015-11-08T03:35:56.065Z - info: [32minfo: [39m                      /|.\
2015-11-08T03:35:56.065Z - info: [32minfo: [39m                     / || \
2015-11-08T03:35:56.065Z - info: [32minfo: [39m                   ,'  |'  \
2015-11-08T03:35:56.066Z - info: [32minfo: [39m                .-'.-==|/_--'
2015-11-08T03:35:56.066Z - info: [32minfo: [39m                `--'-------' 
2015-11-08T03:35:56.066Z - info: [32minfo: [39m   __---___--___---___--___---___--___
2015-11-08T03:35:56.067Z - info: [32minfo: [39m ____---___--___---___--___---___--___-__
2015-11-08T03:35:56.067Z - info: [32minfo: [39m
2015-11-08T03:35:56.067Z - info: [32minfo: [39mServer lifted in `/home/tenhsor/Proyectos/jukebuzz/jukebuzz-api`
2015-11-08T03:35:56.068Z - info: [32minfo: [39mTo see your app, visit [4mhttp://localhost:3000[24m
2015-11-08T03:35:56.068Z - info: [32minfo: [39mTo shut down Sails, press <CTRL> + C at any time.
2015-11-08T03:35:56.069Z - debug: [34mdebug: [39m[90m--------------------------------------------------------[39m
2015-11-08T03:35:56.071Z - debug: [34mdebug: [39m[90m:: Sat Nov 07 2015 21:35:56 GMT-0600 (CST)[39m
2015-11-08T03:35:56.071Z - debug: [34mdebug: [39mEnvironment : development
2015-11-08T03:35:56.072Z - debug: [34mdebug: [39mPort        : 3000
2015-11-08T03:35:56.072Z - debug: [34mdebug: [39m[90m--------------------------------------------------------[39m
2015-11-08T03:35:56.888Z - verbose: [36mverbose: [39msails-hook-sockets :: connected to Sails admin message bus.
2015-11-08T03:35:54.669Z - verbose: [36mverbose: [39mLoading adapter ( sails-mysql ) for country  from `node_modules` directory...
2015-11-08T03:35:54.934Z - verbose: [36mverbose: [39mLoading adapter ( sails-mongo ) for role  from `node_modules` directory...
2015-11-08T03:35:55.713Z - verbose: [36mverbose: [39mStarting ORM...
2015-11-08T03:35:55.713Z - silly: [31ms[39m[33mi[39m[32ml[39m[34ml[39m[35my[39m[31m:[39m Registering model `country` in Waterline (ORM)
2015-11-08T03:35:55.714Z - silly: [31ms[39m[33mi[39m[32ml[39m[34ml[39m[35my[39m[31m:[39m Registering model `role` in Waterline (ORM)
2015-11-08T03:35:55.715Z - silly: [31ms[39m[33mi[39m[32ml[39m[34ml[39m[35my[39m[31m:[39m Registering model `state` in Waterline (ORM)
2015-11-08T03:35:55.716Z - silly: [31ms[39m[33mi[39m[32ml[39m[34ml[39m[35my[39m[31m:[39m Registering model `user` in Waterline (ORM)
2015-11-08T03:41:45.636Z - verbose: [36mverbose: [39mLowering sails...
2015-11-08T03:41:45.644Z - verbose: [36mverbose: [39mShutting down socket server...
2015-11-08T03:41:45.648Z - verbose: [36mverbose: [39mShutting down HTTP server...
2015-11-08T03:41:45.665Z - verbose: [36mverbose: [39mHTTP server shut down successfully.
2015-11-08T03:41:50.826Z - verbose: [36mverbose: [39mlogger hook loaded successfully.
2015-11-08T03:41:50.829Z - verbose: [36mverbose: [39mrequest hook loaded successfully.
2015-11-08T03:41:50.831Z - verbose: [36mverbose: [39mLoading the app's models and adapters...
2015-11-08T03:41:50.831Z - verbose: [36mverbose: [39mLoading app models...
2015-11-08T03:41:50.837Z - verbose: [36mverbose: [39mLoading app adapters...
2015-11-08T03:41:50.839Z - verbose: [36mverbose: [39mLoading blueprint middleware...
2015-11-08T03:41:50.896Z - verbose: [36mverbose: [39mblueprints hook loaded successfully.
2015-11-08T03:41:50.896Z - verbose: [36mverbose: [39mresponses hook loaded successfully.
2015-11-08T03:41:50.902Z - verbose: [36mverbose: [39mcontrollers hook loaded successfully.
2015-11-08T03:41:50.904Z - verbose: [36mverbose: [39mLoading policy modules from app...
2015-11-08T03:41:50.908Z - verbose: [36mverbose: [39mFinished loading policy middleware logic.
2015-11-08T03:41:50.908Z - verbose: [36mverbose: [39mpolicies hook loaded successfully.
2015-11-08T03:41:50.908Z - verbose: [36mverbose: [39mservices hook loaded successfully.
2015-11-08T03:41:50.909Z - verbose: [36mverbose: [39mcors hook loaded successfully.
2015-11-08T03:41:51.030Z - verbose: [36mverbose: [39mhttp hook loaded successfully.
2015-11-08T03:41:51.031Z - verbose: [36mverbose: [39mPreparing socket.io...
2015-11-08T03:41:51.061Z - verbose: [36mverbose: [39msockets hook loaded successfully.
2015-11-08T03:41:51.061Z - verbose: [36mverbose: [39mpluralize-only-rest-models hook loaded successfully.
2015-11-08T03:41:51.062Z - verbose: [36mverbose: [39mcron hook loaded successfully.
2015-11-08T03:41:51.548Z - verbose: [36mverbose: [39morm hook loaded successfully.
2015-11-08T03:41:51.550Z - verbose: [36mverbose: [39mBuilt-in hooks are ready.
2015-11-08T03:41:51.551Z - verbose: [36mverbose: [39mInstantiating registry...
2015-11-08T03:41:51.553Z - verbose: [36mverbose: [39mLoading router...
2015-11-08T03:41:51.556Z - silly: [31ms[39m[33mi[39m[32ml[39m[34ml[39m[35my[39m[31m:[39m Binding route ::  all /* (REQUEST HOOK: addMixins)
2015-11-08T03:41:51.563Z - silly: [31ms[39m[33mi[39m[32ml[39m[34ml[39m[35my[39m[31m:[39m Binding route ::  all /* (RESPONSES HOOK: addResponseMethods)
2015-11-08T03:41:51.567Z - verbose: [36mverbose: [39mPolicy-controller bindings complete!
2015-11-08T03:41:51.568Z - silly: [31ms[39m[33mi[39m[32ml[39m[34ml[39m[35my[39m[31m:[39m Binding route ::  all /* (CORS HOOK: sendHeaders)
2015-11-08T03:41:51.577Z - silly: [31ms[39m[33mi[39m[32ml[39m[34ml[39m[35my[39m[31m:[39m Binding route ::  get /v1/countries (POLICY: alwaysAllow)
2015-11-08T03:41:51.578Z - silly: [31ms[39m[33mi[39m[32ml[39m[34ml[39m[35my[39m[31m:[39m Binding route ::  get /v1/countries (ACTION: world/findcountries)
2015-11-08T03:41:51.580Z - silly: [31ms[39m[33mi[39m[32ml[39m[34ml[39m[35my[39m[31m:[39m Binding route ::  get /v1/countries/:country_id/states (POLICY: alwaysAllow)
2015-11-08T03:41:51.581Z - silly: [31ms[39m[33mi[39m[32ml[39m[34ml[39m[35my[39m[31m:[39m Binding route ::  get /v1/countries/:country_id/states (ACTION: world/findstatesbycountry)
2015-11-08T03:41:51.582Z - silly: [31ms[39m[33mi[39m[32ml[39m[34ml[39m[35my[39m[31m:[39m Binding route ::  get /__getcookie (SOCKETS HOOK)
2015-11-08T03:41:51.586Z - silly: [31ms[39m[33mi[39m[32ml[39m[34ml[39m[35my[39m[31m:[39m Binding action (signin) blueprint/shadow route for controller: auth
2015-11-08T03:41:51.587Z - silly: [31ms[39m[33mi[39m[32ml[39m[34ml[39m[35my[39m[31m:[39m Binding route ::   /v1/auth/signin/:id? (POLICY: alwaysAllow)
2015-11-08T03:41:51.589Z - silly: [31ms[39m[33mi[39m[32ml[39m[34ml[39m[35my[39m[31m:[39m Binding route ::   /v1/auth/signin/:id? (ACTION: auth/signin)
2015-11-08T03:41:51.591Z - silly: [31ms[39m[33mi[39m[32ml[39m[34ml[39m[35my[39m[31m:[39m Binding action (signup) blueprint/shadow route for controller: auth
2015-11-08T03:41:51.592Z - silly: [31ms[39m[33mi[39m[32ml[39m[34ml[39m[35my[39m[31m:[39m Binding route ::   /v1/auth/signup/:id? (POLICY: alwaysAllow)
2015-11-08T03:41:51.594Z - silly: [31ms[39m[33mi[39m[32ml[39m[34ml[39m[35my[39m[31m:[39m Binding route ::   /v1/auth/signup/:id? (ACTION: auth/signup)
2015-11-08T03:41:51.596Z - silly: [31ms[39m[33mi[39m[32ml[39m[34ml[39m[35my[39m[31m:[39m Binding action (social) blueprint/shadow route for controller: auth
2015-11-08T03:41:51.598Z - silly: [31ms[39m[33mi[39m[32ml[39m[34ml[39m[35my[39m[31m:[39m Binding route ::   /v1/auth/social/:id? (POLICY: alwaysAllow)
2015-11-08T03:41:51.599Z - silly: [31ms[39m[33mi[39m[32ml[39m[34ml[39m[35my[39m[31m:[39m Binding route ::   /v1/auth/social/:id? (ACTION: auth/social)
2015-11-08T03:41:51.601Z - silly: [31ms[39m[33mi[39m[32ml[39m[34ml[39m[35my[39m[31m:[39m Binding action (refresh_token) blueprint/shadow route for controller: auth
2015-11-08T03:41:51.602Z - silly: [31ms[39m[33mi[39m[32ml[39m[34ml[39m[35my[39m[31m:[39m Binding route ::   /v1/auth/refresh_token/:id? (POLICY: alwaysAllow)
2015-11-08T03:41:51.603Z - silly: [31ms[39m[33mi[39m[32ml[39m[34ml[39m[35my[39m[31m:[39m Binding route ::   /v1/auth/refresh_token/:id? (ACTION: auth/refresh_token)
2015-11-08T03:41:51.604Z - silly: [31ms[39m[33mi[39m[32ml[39m[34ml[39m[35my[39m[31m:[39m Binding action (identity) blueprint/shadow route for controller: auth
2015-11-08T03:41:51.604Z - silly: [31ms[39m[33mi[39m[32ml[39m[34ml[39m[35my[39m[31m:[39m Binding action (globalid) blueprint/shadow route for controller: auth
2015-11-08T03:41:51.605Z - silly: [31ms[39m[33mi[39m[32ml[39m[34ml[39m[35my[39m[31m:[39m Binding action (sails) blueprint/shadow route for controller: auth
2015-11-08T03:41:51.618Z - silly: [31ms[39m[33mi[39m[32ml[39m[34ml[39m[35my[39m[31m:[39m Binding action (index) blueprint/shadow route for controller: ping
2015-11-08T03:41:51.619Z - silly: [31ms[39m[33mi[39m[32ml[39m[34ml[39m[35my[39m[31m:[39m Binding route ::   /v1/ping/index/:id? (POLICY: alwaysAllow)
2015-11-08T03:41:51.621Z - silly: [31ms[39m[33mi[39m[32ml[39m[34ml[39m[35my[39m[31m:[39m Binding route ::   /v1/ping/index/:id? (ACTION: ping/index)
2015-11-08T03:41:51.623Z - silly: [31ms[39m[33mi[39m[32ml[39m[34ml[39m[35my[39m[31m:[39m Binding index blueprint/shadow route for controller: ping
2015-11-08T03:41:51.623Z - silly: [31ms[39m[33mi[39m[32ml[39m[34ml[39m[35my[39m[31m:[39m Binding route ::   /v1/ping (POLICY: alwaysAllow)
2015-11-08T03:41:51.625Z - silly: [31ms[39m[33mi[39m[32ml[39m[34ml[39m[35my[39m[31m:[39m Binding route ::   /v1/ping (ACTION: ping/index)
2015-11-08T03:41:51.625Z - silly: [31ms[39m[33mi[39m[32ml[39m[34ml[39m[35my[39m[31m:[39m Binding action (identity) blueprint/shadow route for controller: ping
2015-11-08T03:41:51.626Z - silly: [31ms[39m[33mi[39m[32ml[39m[34ml[39m[35my[39m[31m:[39m Binding action (globalid) blueprint/shadow route for controller: ping
2015-11-08T03:41:51.626Z - silly: [31ms[39m[33mi[39m[32ml[39m[34ml[39m[35my[39m[31m:[39m Binding action (sails) blueprint/shadow route for controller: ping
2015-11-08T03:41:51.635Z - silly: [31ms[39m[33mi[39m[32ml[39m[34ml[39m[35my[39m[31m:[39m Binding action (index) blueprint/shadow route for controller: search
2015-11-08T03:41:51.636Z - silly: [31ms[39m[33mi[39m[32ml[39m[34ml[39m[35my[39m[31m:[39m Binding route ::   /v1/search/index/:id? (POLICY: isAuthenticated)
2015-11-08T03:41:51.639Z - silly: [31ms[39m[33mi[39m[32ml[39m[34ml[39m[35my[39m[31m:[39m Binding route ::   /v1/search/index/:id? (ACTION: search/index)
2015-11-08T03:41:51.641Z - silly: [31ms[39m[33mi[39m[32ml[39m[34ml[39m[35my[39m[31m:[39m Binding index blueprint/shadow route for controller: search
2015-11-08T03:41:51.642Z - silly: [31ms[39m[33mi[39m[32ml[39m[34ml[39m[35my[39m[31m:[39m Binding route ::   /v1/search (POLICY: isAuthenticated)
2015-11-08T03:41:51.643Z - silly: [31ms[39m[33mi[39m[32ml[39m[34ml[39m[35my[39m[31m:[39m Binding route ::   /v1/search (ACTION: search/index)
2015-11-08T03:41:51.644Z - silly: [31ms[39m[33mi[39m[32ml[39m[34ml[39m[35my[39m[31m:[39m Binding action (identity) blueprint/shadow route for controller: search
2015-11-08T03:41:51.644Z - silly: [31ms[39m[33mi[39m[32ml[39m[34ml[39m[35my[39m[31m:[39m Binding action (globalid) blueprint/shadow route for controller: search
2015-11-08T03:41:51.645Z - silly: [31ms[39m[33mi[39m[32ml[39m[34ml[39m[35my[39m[31m:[39m Binding action (sails) blueprint/shadow route for controller: search
2015-11-08T03:41:51.653Z - silly: [31ms[39m[33mi[39m[32ml[39m[34ml[39m[35my[39m[31m:[39m Binding action (identity) blueprint/shadow route for controller: user
2015-11-08T03:41:51.662Z - silly: [31ms[39m[33mi[39m[32ml[39m[34ml[39m[35my[39m[31m:[39m Binding action (globalid) blueprint/shadow route for controller: user
2015-11-08T03:41:51.663Z - silly: [31ms[39m[33mi[39m[32ml[39m[34ml[39m[35my[39m[31m:[39m Binding action (sails) blueprint/shadow route for controller: user
2015-11-08T03:41:51.669Z - silly: [31ms[39m[33mi[39m[32ml[39m[34ml[39m[35my[39m[31m:[39m Binding RESTful blueprint/shadow routes for model+controller: user
2015-11-08T03:41:51.672Z - silly: [31ms[39m[33mi[39m[32ml[39m[34ml[39m[35my[39m[31m:[39m Binding route ::  get /v1/users (POLICY: isAuthenticated)
2015-11-08T03:41:51.673Z - silly: [31ms[39m[33mi[39m[32ml[39m[34ml[39m[35my[39m[31m:[39m Binding route ::  get /v1/users (POLICY: isSuperAdmin)
2015-11-08T03:41:51.674Z - silly: [31ms[39m[33mi[39m[32ml[39m[34ml[39m[35my[39m[31m:[39m Binding route ::  get /v1/users (BLUEPRINT: )
2015-11-08T03:41:51.675Z - silly: [31ms[39m[33mi[39m[32ml[39m[34ml[39m[35my[39m[31m:[39m Binding route ::  get /v1/users/:id (POLICY: isAuthenticated)
2015-11-08T03:41:51.676Z - silly: [31ms[39m[33mi[39m[32ml[39m[34ml[39m[35my[39m[31m:[39m Binding route ::  get /v1/users/:id (BLUEPRINT: )
2015-11-08T03:41:51.678Z - silly: [31ms[39m[33mi[39m[32ml[39m[34ml[39m[35my[39m[31m:[39m Binding route ::  post /v1/users (POLICY: isAuthenticated)
2015-11-08T03:41:51.679Z - silly: [31ms[39m[33mi[39m[32ml[39m[34ml[39m[35my[39m[31m:[39m Binding route ::  post /v1/users (BLUEPRINT: )
2015-11-08T03:41:51.680Z - silly: [31ms[39m[33mi[39m[32ml[39m[34ml[39m[35my[39m[31m:[39m Binding route ::  put /v1/users/:id (POLICY: isAuthenticated)
2015-11-08T03:41:51.682Z - silly: [31ms[39m[33mi[39m[32ml[39m[34ml[39m[35my[39m[31m:[39m Binding route ::  put /v1/users/:id (BLUEPRINT: )
2015-11-08T03:41:51.683Z - silly: [31ms[39m[33mi[39m[32ml[39m[34ml[39m[35my[39m[31m:[39m Binding route ::  post /v1/users/:id (POLICY: isAuthenticated)
2015-11-08T03:41:51.685Z - silly: [31ms[39m[33mi[39m[32ml[39m[34ml[39m[35my[39m[31m:[39m Binding route ::  post /v1/users/:id (BLUEPRINT: )
2015-11-08T03:41:51.687Z - silly: [31ms[39m[33mi[39m[32ml[39m[34ml[39m[35my[39m[31m:[39m Binding route ::  delete /v1/users/:id? (POLICY: isAuthenticated)
2015-11-08T03:41:51.688Z - silly: [31ms[39m[33mi[39m[32ml[39m[34ml[39m[35my[39m[31m:[39m Binding route ::  delete /v1/users/:id? (BLUEPRINT: )
2015-11-08T03:41:51.690Z - silly: [31ms[39m[33mi[39m[32ml[39m[34ml[39m[35my[39m[31m:[39m Binding RESTful association blueprint `role` for user
2015-11-08T03:41:51.691Z - silly: [31ms[39m[33mi[39m[32ml[39m[34ml[39m[35my[39m[31m:[39m Binding route ::  get /v1/users/:parentid/role/:id? (POLICY: isAuthenticated)
2015-11-08T03:41:51.692Z - silly: [31ms[39m[33mi[39m[32ml[39m[34ml[39m[35my[39m[31m:[39m Binding route ::  get /v1/users/:parentid/role/:id? (BLUEPRINT: expand)
2015-11-08T03:41:51.693Z - silly: [31ms[39m[33mi[39m[32ml[39m[34ml[39m[35my[39m[31m:[39m Binding RESTful association blueprint `stateId` for user
2015-11-08T03:41:51.694Z - silly: [31ms[39m[33mi[39m[32ml[39m[34ml[39m[35my[39m[31m:[39m Binding route ::  get /v1/users/:parentid/stateId/:id? (POLICY: isAuthenticated)
2015-11-08T03:41:51.695Z - silly: [31ms[39m[33mi[39m[32ml[39m[34ml[39m[35my[39m[31m:[39m Binding route ::  get /v1/users/:parentid/stateId/:id? (BLUEPRINT: expand)
2015-11-08T03:41:51.696Z - verbose: [36mverbose: [39mAll hooks were loaded successfully.
2015-11-08T03:41:51.697Z - verbose: [36mverbose: [39mStarting app at /home/tenhsor/Proyectos/jukebuzz/jukebuzz-api...
2015-11-08T03:41:51.698Z - verbose: [36mverbose: [39mRunning the setup logic in `sails.config.bootstrap(cb)`...
2015-11-08T03:41:51.707Z - debug: [34mdebug: [39mRole had models, so no seed needed
2015-11-08T03:41:51.712Z - info: [32minfo: [39m
2015-11-08T03:41:51.713Z - info: [32minfo: [39m               .-..-.
2015-11-08T03:41:51.713Z - info: [32minfo: [39m
2015-11-08T03:41:51.713Z - info: [32minfo: [39m   Sails              <|    .-..-.
2015-11-08T03:41:51.714Z - info: [32minfo: [39m   v0.11.2             |\
2015-11-08T03:41:51.714Z - info: [32minfo: [39m                      /|.\
2015-11-08T03:41:51.714Z - info: [32minfo: [39m                     / || \
2015-11-08T03:41:51.715Z - info: [32minfo: [39m                   ,'  |'  \
2015-11-08T03:41:51.715Z - info: [32minfo: [39m                .-'.-==|/_--'
2015-11-08T03:41:51.715Z - info: [32minfo: [39m                `--'-------' 
2015-11-08T03:41:51.716Z - info: [32minfo: [39m   __---___--___---___--___---___--___
2015-11-08T03:41:51.716Z - info: [32minfo: [39m ____---___--___---___--___---___--___-__
2015-11-08T03:41:51.716Z - info: [32minfo: [39m
2015-11-08T03:41:51.716Z - info: [32minfo: [39mServer lifted in `/home/tenhsor/Proyectos/jukebuzz/jukebuzz-api`
2015-11-08T03:41:51.717Z - info: [32minfo: [39mTo see your app, visit [4mhttp://localhost:3000[24m
2015-11-08T03:41:51.718Z - info: [32minfo: [39mTo shut down Sails, press <CTRL> + C at any time.
2015-11-08T03:41:51.718Z - debug: [34mdebug: [39m[90m--------------------------------------------------------[39m
2015-11-08T03:41:51.720Z - debug: [34mdebug: [39m[90m:: Sat Nov 07 2015 21:41:51 GMT-0600 (CST)[39m
2015-11-08T03:41:51.721Z - debug: [34mdebug: [39mEnvironment : development
2015-11-08T03:41:51.721Z - debug: [34mdebug: [39mPort        : 3000
2015-11-08T03:41:51.722Z - debug: [34mdebug: [39m[90m--------------------------------------------------------[39m
2015-11-08T03:41:53.061Z - verbose: [36mverbose: [39msails-hook-sockets :: connected to Sails admin message bus.
