2015-11-13T01:16:59.100Z - verbose: [36mverbose: [39mlogger hook loaded successfully.
2015-11-13T01:16:59.103Z - verbose: [36mverbose: [39mrequest hook loaded successfully.
2015-11-13T01:16:59.105Z - verbose: [36mverbose: [39mLoading the app's models and adapters...
2015-11-13T01:16:59.105Z - verbose: [36mverbose: [39mLoading app models...
2015-11-13T01:16:59.226Z - verbose: [36mverbose: [39mLoading app adapters...
2015-11-13T01:16:59.258Z - verbose: [36mverbose: [39mLoading blueprint middleware...
2015-11-13T01:17:00.008Z - verbose: [36mverbose: [39mblueprints hook loaded successfully.
2015-11-13T01:17:00.009Z - verbose: [36mverbose: [39mresponses hook loaded successfully.
2015-11-13T01:17:00.162Z - verbose: [36mverbose: [39mcontrollers hook loaded successfully.
2015-11-13T01:17:00.165Z - verbose: [36mverbose: [39mLoading policy modules from app...
2015-11-13T01:17:00.251Z - verbose: [36mverbose: [39mFinished loading policy middleware logic.
2015-11-13T01:17:00.251Z - verbose: [36mverbose: [39mpolicies hook loaded successfully.
2015-11-13T01:17:00.252Z - verbose: [36mverbose: [39mservices hook loaded successfully.
2015-11-13T01:17:00.253Z - verbose: [36mverbose: [39mcors hook loaded successfully.
2015-11-13T01:17:01.830Z - verbose: [36mverbose: [39mhttp hook loaded successfully.
2015-11-13T01:17:01.832Z - verbose: [36mverbose: [39mPreparing socket.io...
2015-11-13T01:17:01.976Z - verbose: [36mverbose: [39msockets hook loaded successfully.
2015-11-13T01:17:01.977Z - verbose: [36mverbose: [39mpluralize-only-rest-models hook loaded successfully.
2015-11-13T01:17:01.977Z - verbose: [36mverbose: [39mcron hook loaded successfully.
2015-11-13T01:17:01.989Z - verbose: [36mverbose: [39mLoading adapter ( sails-mysql ) for country  from `node_modules` directory...
2015-11-13T01:17:02.692Z - verbose: [36mverbose: [39mLoading adapter ( sails-mongo ) for place  from `node_modules` directory...
2015-11-13T01:17:04.539Z - verbose: [36mverbose: [39mStarting ORM...
2015-11-13T01:17:04.540Z - silly: [31ms[39m[33mi[39m[32ml[39m[34ml[39m[35my[39m[31m:[39m Registering model `country` in Waterline (ORM)
2015-11-13T01:17:04.541Z - silly: [31ms[39m[33mi[39m[32ml[39m[34ml[39m[35my[39m[31m:[39m Registering model `place` in Waterline (ORM)
2015-11-13T01:17:04.542Z - silly: [31ms[39m[33mi[39m[32ml[39m[34ml[39m[35my[39m[31m:[39m Registering model `role` in Waterline (ORM)
2015-11-13T01:17:04.542Z - silly: [31ms[39m[33mi[39m[32ml[39m[34ml[39m[35my[39m[31m:[39m Registering model `state` in Waterline (ORM)
2015-11-13T01:17:04.543Z - silly: [31ms[39m[33mi[39m[32ml[39m[34ml[39m[35my[39m[31m:[39m Registering model `user` in Waterline (ORM)
2015-11-13T01:17:05.068Z - verbose: [36mverbose: [39morm hook loaded successfully.
2015-11-13T01:17:05.069Z - verbose: [36mverbose: [39mBuilt-in hooks are ready.
2015-11-13T01:17:05.070Z - verbose: [36mverbose: [39mInstantiating registry...
2015-11-13T01:17:06.532Z - verbose: [36mverbose: [39msails-hook-sockets :: connected to Sails admin message bus.
