2015-11-09T03:10:05.496Z - verbose: [36mverbose: [39mStarting ORM...
2015-11-09T03:10:05.496Z - silly: [31ms[39m[33mi[39m[32ml[39m[34ml[39m[35my[39m[31m:[39m Registering model `country` in Waterline (ORM)
2015-11-09T03:10:05.497Z - silly: [31ms[39m[33mi[39m[32ml[39m[34ml[39m[35my[39m[31m:[39m Registering model `place` in Waterline (ORM)
2015-11-09T03:10:05.498Z - silly: [31ms[39m[33mi[39m[32ml[39m[34ml[39m[35my[39m[31m:[39m Registering model `role` in Waterline (ORM)
2015-11-09T03:10:05.498Z - silly: [31ms[39m[33mi[39m[32ml[39m[34ml[39m[35my[39m[31m:[39m Registering model `state` in Waterline (ORM)
2015-11-09T03:10:05.498Z - silly: [31ms[39m[33mi[39m[32ml[39m[34ml[39m[35my[39m[31m:[39m Registering model `user` in Waterline (ORM)
2015-11-09T06:12:16.115Z - verbose: [36mverbose: [39mLowering sails...
2015-11-09T06:12:16.137Z - verbose: [36mverbose: [39mShutting down socket server...
2015-11-09T06:12:16.138Z - verbose: [36mverbose: [39mShutting down HTTP server...
2015-11-09T06:12:16.158Z - verbose: [36mverbose: [39mHTTP server shut down successfully.
2015-11-09T06:12:18.935Z - verbose: [36mverbose: [39mlogger hook loaded successfully.
2015-11-09T06:12:18.939Z - verbose: [36mverbose: [39mrequest hook loaded successfully.
2015-11-09T06:12:18.940Z - verbose: [36mverbose: [39mLoading the app's models and adapters...
2015-11-09T06:12:18.941Z - verbose: [36mverbose: [39mLoading app models...
2015-11-09T06:12:18.947Z - verbose: [36mverbose: [39mLoading app adapters...
2015-11-09T06:12:18.949Z - verbose: [36mverbose: [39mLoading blueprint middleware...
2015-11-09T06:12:19.018Z - verbose: [36mverbose: [39mblueprints hook loaded successfully.
2015-11-09T06:12:19.019Z - verbose: [36mverbose: [39mresponses hook loaded successfully.
2015-11-09T06:12:19.027Z - verbose: [36mverbose: [39mcontrollers hook loaded successfully.
2015-11-09T06:12:19.030Z - verbose: [36mverbose: [39mLoading policy modules from app...
2015-11-09T06:12:19.036Z - verbose: [36mverbose: [39mFinished loading policy middleware logic.
2015-11-09T06:12:19.037Z - verbose: [36mverbose: [39mpolicies hook loaded successfully.
2015-11-09T06:12:19.038Z - verbose: [36mverbose: [39mservices hook loaded successfully.
2015-11-09T06:12:19.039Z - verbose: [36mverbose: [39mcors hook loaded successfully.
2015-11-09T06:12:19.198Z - verbose: [36mverbose: [39mhttp hook loaded successfully.
2015-11-09T06:12:19.199Z - verbose: [36mverbose: [39mPreparing socket.io...
2015-11-09T06:12:19.240Z - verbose: [36mverbose: [39msockets hook loaded successfully.
2015-11-09T06:12:19.240Z - verbose: [36mverbose: [39mpluralize-only-rest-models hook loaded successfully.
2015-11-09T06:12:19.242Z - verbose: [36mverbose: [39mcron hook loaded successfully.
2015-11-09T06:12:19.824Z - verbose: [36mverbose: [39morm hook loaded successfully.
2015-11-09T06:12:19.825Z - verbose: [36mverbose: [39mBuilt-in hooks are ready.
2015-11-09T06:12:19.826Z - verbose: [36mverbose: [39mInstantiating registry...
2015-11-09T06:12:19.829Z - verbose: [36mverbose: [39mLoading router...
2015-11-09T06:12:19.831Z - silly: [31ms[39m[33mi[39m[32ml[39m[34ml[39m[35my[39m[31m:[39m Binding route ::  all /* (REQUEST HOOK: addMixins)
2015-11-09T06:12:19.838Z - silly: [31ms[39m[33mi[39m[32ml[39m[34ml[39m[35my[39m[31m:[39m Binding route ::  all /* (RESPONSES HOOK: addResponseMethods)
2015-11-09T06:12:19.842Z - verbose: [36mverbose: [39mPolicy-controller bindings complete!
2015-11-09T06:12:19.844Z - silly: [31ms[39m[33mi[39m[32ml[39m[34ml[39m[35my[39m[31m:[39m Binding route ::  all /* (CORS HOOK: sendHeaders)
2015-11-09T06:12:19.854Z - silly: [31ms[39m[33mi[39m[32ml[39m[34ml[39m[35my[39m[31m:[39m Binding route ::  get /v1/countries (POLICY: alwaysAllow)
2015-11-09T06:12:19.855Z - silly: [31ms[39m[33mi[39m[32ml[39m[34ml[39m[35my[39m[31m:[39m Binding route ::  get /v1/countries (ACTION: world/findcountries)
2015-11-09T06:12:19.856Z - silly: [31ms[39m[33mi[39m[32ml[39m[34ml[39m[35my[39m[31m:[39m Binding route ::  get /v1/countries/:country_id/states (POLICY: alwaysAllow)
2015-11-09T06:12:19.857Z - silly: [31ms[39m[33mi[39m[32ml[39m[34ml[39m[35my[39m[31m:[39m Binding route ::  get /v1/countries/:country_id/states (ACTION: world/findstatesbycountry)
2015-11-09T06:12:19.858Z - silly: [31ms[39m[33mi[39m[32ml[39m[34ml[39m[35my[39m[31m:[39m Binding route ::  post /v1/places (POLICY: isAuthenticated)
2015-11-09T06:12:19.859Z - silly: [31ms[39m[33mi[39m[32ml[39m[34ml[39m[35my[39m[31m:[39m Binding route ::  post /v1/places (POLICY: isAdmin)
2015-11-09T06:12:19.860Z - silly: [31ms[39m[33mi[39m[32ml[39m[34ml[39m[35my[39m[31m:[39m Binding route ::  post /v1/places (ACTION: place/create)
2015-11-09T06:12:19.863Z - silly: [31ms[39m[33mi[39m[32ml[39m[34ml[39m[35my[39m[31m:[39m Binding route ::  get /v1/user (POLICY: isAuthenticated)
2015-11-09T06:12:19.863Z - silly: [31ms[39m[33mi[39m[32ml[39m[34ml[39m[35my[39m[31m:[39m Binding route ::  get /v1/user (ACTION: user/findtoken)
2015-11-09T06:12:19.864Z - silly: [31ms[39m[33mi[39m[32ml[39m[34ml[39m[35my[39m[31m:[39m Binding route ::  get /v1/admin/:adminId/places (POLICY: isAuthenticated)
2015-11-09T06:12:19.866Z - silly: [31ms[39m[33mi[39m[32ml[39m[34ml[39m[35my[39m[31m:[39m Binding route ::  get /v1/admin/:adminId/places (POLICY: isAdmin)
2015-11-09T06:12:19.866Z - silly: [31ms[39m[33mi[39m[32ml[39m[34ml[39m[35my[39m[31m:[39m Binding route ::  get /v1/admin/:adminId/places (ACTION: place/adminfind)
2015-11-09T06:12:19.868Z - silly: [31ms[39m[33mi[39m[32ml[39m[34ml[39m[35my[39m[31m:[39m Binding route ::  get /__getcookie (SOCKETS HOOK)
2015-11-09T06:12:19.871Z - silly: [31ms[39m[33mi[39m[32ml[39m[34ml[39m[35my[39m[31m:[39m Binding action (signin) blueprint/shadow route for controller: auth
2015-11-09T06:12:19.873Z - silly: [31ms[39m[33mi[39m[32ml[39m[34ml[39m[35my[39m[31m:[39m Binding route ::   /v1/auth/signin/:id? (POLICY: alwaysAllow)
2015-11-09T06:12:19.877Z - silly: [31ms[39m[33mi[39m[32ml[39m[34ml[39m[35my[39m[31m:[39m Binding route ::   /v1/auth/signin/:id? (ACTION: auth/signin)
2015-11-09T06:12:19.879Z - silly: [31ms[39m[33mi[39m[32ml[39m[34ml[39m[35my[39m[31m:[39m Binding action (signup) blueprint/shadow route for controller: auth
2015-11-09T06:12:19.880Z - silly: [31ms[39m[33mi[39m[32ml[39m[34ml[39m[35my[39m[31m:[39m Binding route ::   /v1/auth/signup/:id? (POLICY: alwaysAllow)
2015-11-09T06:12:19.881Z - silly: [31ms[39m[33mi[39m[32ml[39m[34ml[39m[35my[39m[31m:[39m Binding route ::   /v1/auth/signup/:id? (ACTION: auth/signup)
2015-11-09T06:12:19.882Z - silly: [31ms[39m[33mi[39m[32ml[39m[34ml[39m[35my[39m[31m:[39m Binding action (social) blueprint/shadow route for controller: auth
2015-11-09T06:12:19.883Z - silly: [31ms[39m[33mi[39m[32ml[39m[34ml[39m[35my[39m[31m:[39m Binding route ::   /v1/auth/social/:id? (POLICY: alwaysAllow)
2015-11-09T06:12:19.884Z - silly: [31ms[39m[33mi[39m[32ml[39m[34ml[39m[35my[39m[31m:[39m Binding route ::   /v1/auth/social/:id? (ACTION: auth/social)
2015-11-09T06:12:19.886Z - silly: [31ms[39m[33mi[39m[32ml[39m[34ml[39m[35my[39m[31m:[39m Binding action (refresh_token) blueprint/shadow route for controller: auth
2015-11-09T06:12:19.888Z - silly: [31ms[39m[33mi[39m[32ml[39m[34ml[39m[35my[39m[31m:[39m Binding route ::   /v1/auth/refresh_token/:id? (POLICY: alwaysAllow)
2015-11-09T06:12:19.890Z - silly: [31ms[39m[33mi[39m[32ml[39m[34ml[39m[35my[39m[31m:[39m Binding route ::   /v1/auth/refresh_token/:id? (ACTION: auth/refresh_token)
2015-11-09T06:12:19.892Z - silly: [31ms[39m[33mi[39m[32ml[39m[34ml[39m[35my[39m[31m:[39m Binding action (identity) blueprint/shadow route for controller: auth
2015-11-09T06:12:19.892Z - silly: [31ms[39m[33mi[39m[32ml[39m[34ml[39m[35my[39m[31m:[39m Binding action (globalid) blueprint/shadow route for controller: auth
2015-11-09T06:12:19.894Z - silly: [31ms[39m[33mi[39m[32ml[39m[34ml[39m[35my[39m[31m:[39m Binding action (sails) blueprint/shadow route for controller: auth
2015-11-09T06:12:19.914Z - silly: [31ms[39m[33mi[39m[32ml[39m[34ml[39m[35my[39m[31m:[39m Binding action (index) blueprint/shadow route for controller: ping
2015-11-09T06:12:19.915Z - silly: [31ms[39m[33mi[39m[32ml[39m[34ml[39m[35my[39m[31m:[39m Binding route ::   /v1/ping/index/:id? (POLICY: alwaysAllow)
2015-11-09T06:12:19.917Z - silly: [31ms[39m[33mi[39m[32ml[39m[34ml[39m[35my[39m[31m:[39m Binding route ::   /v1/ping/index/:id? (ACTION: ping/index)
2015-11-09T06:12:19.918Z - silly: [31ms[39m[33mi[39m[32ml[39m[34ml[39m[35my[39m[31m:[39m Binding index blueprint/shadow route for controller: ping
2015-11-09T06:12:19.925Z - silly: [31ms[39m[33mi[39m[32ml[39m[34ml[39m[35my[39m[31m:[39m Binding route ::   /v1/ping (POLICY: alwaysAllow)
2015-11-09T06:12:19.926Z - silly: [31ms[39m[33mi[39m[32ml[39m[34ml[39m[35my[39m[31m:[39m Binding route ::   /v1/ping (ACTION: ping/index)
2015-11-09T06:12:19.927Z - silly: [31ms[39m[33mi[39m[32ml[39m[34ml[39m[35my[39m[31m:[39m Binding action (identity) blueprint/shadow route for controller: ping
2015-11-09T06:12:19.928Z - silly: [31ms[39m[33mi[39m[32ml[39m[34ml[39m[35my[39m[31m:[39m Binding action (globalid) blueprint/shadow route for controller: ping
2015-11-09T06:12:19.929Z - silly: [31ms[39m[33mi[39m[32ml[39m[34ml[39m[35my[39m[31m:[39m Binding action (sails) blueprint/shadow route for controller: ping
2015-11-09T06:12:19.945Z - silly: [31ms[39m[33mi[39m[32ml[39m[34ml[39m[35my[39m[31m:[39m Binding action (create) blueprint/shadow route for controller: place
2015-11-09T06:12:19.946Z - silly: [31ms[39m[33mi[39m[32ml[39m[34ml[39m[35my[39m[31m:[39m Binding route ::   /v1/places/create/:id? (POLICY: isAuthenticated)
2015-11-09T06:12:19.948Z - silly: [31ms[39m[33mi[39m[32ml[39m[34ml[39m[35my[39m[31m:[39m Binding route ::   /v1/places/create/:id? (POLICY: isAdmin)
2015-11-09T06:12:19.949Z - silly: [31ms[39m[33mi[39m[32ml[39m[34ml[39m[35my[39m[31m:[39m Binding route ::   /v1/places/create/:id? (ACTION: place/create)
2015-11-09T06:12:19.951Z - silly: [31ms[39m[33mi[39m[32ml[39m[34ml[39m[35my[39m[31m:[39m Binding action (adminfind) blueprint/shadow route for controller: place
2015-11-09T06:12:19.952Z - silly: [31ms[39m[33mi[39m[32ml[39m[34ml[39m[35my[39m[31m:[39m Binding route ::   /v1/places/adminfind/:id? (POLICY: isAuthenticated)
2015-11-09T06:12:19.954Z - silly: [31ms[39m[33mi[39m[32ml[39m[34ml[39m[35my[39m[31m:[39m Binding route ::   /v1/places/adminfind/:id? (POLICY: isAdmin)
2015-11-09T06:12:19.957Z - silly: [31ms[39m[33mi[39m[32ml[39m[34ml[39m[35my[39m[31m:[39m Binding route ::   /v1/places/adminfind/:id? (ACTION: place/adminfind)
2015-11-09T06:12:19.958Z - silly: [31ms[39m[33mi[39m[32ml[39m[34ml[39m[35my[39m[31m:[39m Binding action (identity) blueprint/shadow route for controller: place
2015-11-09T06:12:19.959Z - silly: [31ms[39m[33mi[39m[32ml[39m[34ml[39m[35my[39m[31m:[39m Binding action (globalid) blueprint/shadow route for controller: place
2015-11-09T06:12:19.960Z - silly: [31ms[39m[33mi[39m[32ml[39m[34ml[39m[35my[39m[31m:[39m Binding action (sails) blueprint/shadow route for controller: place
2015-11-09T06:12:19.967Z - silly: [31ms[39m[33mi[39m[32ml[39m[34ml[39m[35my[39m[31m:[39m Binding RESTful blueprint/shadow routes for model+controller: place
2015-11-09T06:12:19.969Z - silly: [31ms[39m[33mi[39m[32ml[39m[34ml[39m[35my[39m[31m:[39m Binding route ::  get /v1/places (POLICY: isAuthenticated)
2015-11-09T06:12:19.970Z - silly: [31ms[39m[33mi[39m[32ml[39m[34ml[39m[35my[39m[31m:[39m Binding route ::  get /v1/places (BLUEPRINT: )
2015-11-09T06:12:19.971Z - silly: [31ms[39m[33mi[39m[32ml[39m[34ml[39m[35my[39m[31m:[39m Binding route ::  get /v1/places/:id (POLICY: isAuthenticated)
2015-11-09T06:12:19.972Z - silly: [31ms[39m[33mi[39m[32ml[39m[34ml[39m[35my[39m[31m:[39m Binding route ::  get /v1/places/:id (BLUEPRINT: )
2015-11-09T06:12:19.974Z - silly: [31ms[39m[33mi[39m[32ml[39m[34ml[39m[35my[39m[31m:[39m Binding route ::  post /v1/places (POLICY: isAuthenticated)
2015-11-09T06:12:19.975Z - silly: [31ms[39m[33mi[39m[32ml[39m[34ml[39m[35my[39m[31m:[39m Binding route ::  post /v1/places (POLICY: isAdmin)
2015-11-09T06:12:19.976Z - silly: [31ms[39m[33mi[39m[32ml[39m[34ml[39m[35my[39m[31m:[39m Binding route ::  post /v1/places (ACTION: place/create)
2015-11-09T06:12:19.977Z - silly: [31ms[39m[33mi[39m[32ml[39m[34ml[39m[35my[39m[31m:[39m Binding route ::  put /v1/places/:id (POLICY: isAuthenticated)
2015-11-09T06:12:19.978Z - silly: [31ms[39m[33mi[39m[32ml[39m[34ml[39m[35my[39m[31m:[39m Binding route ::  put /v1/places/:id (POLICY: isAdmin)
2015-11-09T06:12:19.979Z - silly: [31ms[39m[33mi[39m[32ml[39m[34ml[39m[35my[39m[31m:[39m Binding route ::  put /v1/places/:id (BLUEPRINT: )
2015-11-09T06:12:19.983Z - silly: [31ms[39m[33mi[39m[32ml[39m[34ml[39m[35my[39m[31m:[39m Binding route ::  post /v1/places/:id (POLICY: isAuthenticated)
2015-11-09T06:12:19.984Z - silly: [31ms[39m[33mi[39m[32ml[39m[34ml[39m[35my[39m[31m:[39m Binding route ::  post /v1/places/:id (POLICY: isAdmin)
2015-11-09T06:12:19.985Z - silly: [31ms[39m[33mi[39m[32ml[39m[34ml[39m[35my[39m[31m:[39m Binding route ::  post /v1/places/:id (BLUEPRINT: )
2015-11-09T06:12:19.987Z - silly: [31ms[39m[33mi[39m[32ml[39m[34ml[39m[35my[39m[31m:[39m Binding route ::  delete /v1/places/:id? (POLICY: isAuthenticated)
2015-11-09T06:12:19.989Z - silly: [31ms[39m[33mi[39m[32ml[39m[34ml[39m[35my[39m[31m:[39m Binding route ::  delete /v1/places/:id? (POLICY: isAdmin)
2015-11-09T06:12:19.990Z - silly: [31ms[39m[33mi[39m[32ml[39m[34ml[39m[35my[39m[31m:[39m Binding route ::  delete /v1/places/:id? (BLUEPRINT: )
2015-11-09T06:12:19.991Z - silly: [31ms[39m[33mi[39m[32ml[39m[34ml[39m[35my[39m[31m:[39m Binding RESTful association blueprint `adminId` for place
2015-11-09T06:12:19.992Z - silly: [31ms[39m[33mi[39m[32ml[39m[34ml[39m[35my[39m[31m:[39m Binding route ::  get /v1/places/:parentid/adminId/:id? (POLICY: isAuthenticated)
2015-11-09T06:12:19.993Z - silly: [31ms[39m[33mi[39m[32ml[39m[34ml[39m[35my[39m[31m:[39m Binding route ::  get /v1/places/:parentid/adminId/:id? (BLUEPRINT: expand)
2015-11-09T06:12:19.994Z - silly: [31ms[39m[33mi[39m[32ml[39m[34ml[39m[35my[39m[31m:[39m Binding RESTful association blueprint `stateId` for place
2015-11-09T06:12:19.995Z - silly: [31ms[39m[33mi[39m[32ml[39m[34ml[39m[35my[39m[31m:[39m Binding route ::  get /v1/places/:parentid/stateId/:id? (POLICY: isAuthenticated)
2015-11-09T06:12:19.997Z - silly: [31ms[39m[33mi[39m[32ml[39m[34ml[39m[35my[39m[31m:[39m Binding route ::  get /v1/places/:parentid/stateId/:id? (BLUEPRINT: expand)
2015-11-09T06:12:19.998Z - silly: [31ms[39m[33mi[39m[32ml[39m[34ml[39m[35my[39m[31m:[39m Binding action (index) blueprint/shadow route for controller: search
2015-11-09T06:12:20.001Z - silly: [31ms[39m[33mi[39m[32ml[39m[34ml[39m[35my[39m[31m:[39m Binding route ::   /v1/search/index/:id? (POLICY: isAuthenticated)
2015-11-09T06:12:20.003Z - silly: [31ms[39m[33mi[39m[32ml[39m[34ml[39m[35my[39m[31m:[39m Binding route ::   /v1/search/index/:id? (ACTION: search/index)
2015-11-09T06:12:20.004Z - silly: [31ms[39m[33mi[39m[32ml[39m[34ml[39m[35my[39m[31m:[39m Binding index blueprint/shadow route for controller: search
2015-11-09T06:12:20.005Z - silly: [31ms[39m[33mi[39m[32ml[39m[34ml[39m[35my[39m[31m:[39m Binding route ::   /v1/search (POLICY: isAuthenticated)
2015-11-09T06:12:20.006Z - silly: [31ms[39m[33mi[39m[32ml[39m[34ml[39m[35my[39m[31m:[39m Binding route ::   /v1/search (ACTION: search/index)
2015-11-09T06:12:20.007Z - silly: [31ms[39m[33mi[39m[32ml[39m[34ml[39m[35my[39m[31m:[39m Binding action (identity) blueprint/shadow route for controller: search
2015-11-09T06:12:20.007Z - silly: [31ms[39m[33mi[39m[32ml[39m[34ml[39m[35my[39m[31m:[39m Binding action (globalid) blueprint/shadow route for controller: search
2015-11-09T06:12:20.008Z - silly: [31ms[39m[33mi[39m[32ml[39m[34ml[39m[35my[39m[31m:[39m Binding action (sails) blueprint/shadow route for controller: search
2015-11-09T06:12:20.018Z - silly: [31ms[39m[33mi[39m[32ml[39m[34ml[39m[35my[39m[31m:[39m Binding action (findtoken) blueprint/shadow route for controller: user
2015-11-09T06:12:20.019Z - silly: [31ms[39m[33mi[39m[32ml[39m[34ml[39m[35my[39m[31m:[39m Binding route ::   /v1/users/findtoken/:id? (POLICY: isAuthenticated)
2015-11-09T06:12:20.020Z - silly: [31ms[39m[33mi[39m[32ml[39m[34ml[39m[35my[39m[31m:[39m Binding route ::   /v1/users/findtoken/:id? (ACTION: user/findtoken)
2015-11-09T06:12:20.023Z - silly: [31ms[39m[33mi[39m[32ml[39m[34ml[39m[35my[39m[31m:[39m Binding action (identity) blueprint/shadow route for controller: user
2015-11-09T06:12:20.023Z - silly: [31ms[39m[33mi[39m[32ml[39m[34ml[39m[35my[39m[31m:[39m Binding action (globalid) blueprint/shadow route for controller: user
2015-11-09T06:12:20.024Z - silly: [31ms[39m[33mi[39m[32ml[39m[34ml[39m[35my[39m[31m:[39m Binding action (sails) blueprint/shadow route for controller: user
2015-11-09T06:12:20.034Z - silly: [31ms[39m[33mi[39m[32ml[39m[34ml[39m[35my[39m[31m:[39m Binding RESTful blueprint/shadow routes for model+controller: user
2015-11-09T06:12:20.037Z - silly: [31ms[39m[33mi[39m[32ml[39m[34ml[39m[35my[39m[31m:[39m Binding route ::  get /v1/users (POLICY: isAuthenticated)
2015-11-09T06:12:20.042Z - silly: [31ms[39m[33mi[39m[32ml[39m[34ml[39m[35my[39m[31m:[39m Binding route ::  get /v1/users (POLICY: isSuperAdmin)
2015-11-09T06:12:20.045Z - silly: [31ms[39m[33mi[39m[32ml[39m[34ml[39m[35my[39m[31m:[39m Binding route ::  get /v1/users (BLUEPRINT: )
2015-11-09T06:12:20.046Z - silly: [31ms[39m[33mi[39m[32ml[39m[34ml[39m[35my[39m[31m:[39m Binding route ::  get /v1/users/:id (POLICY: isAuthenticated)
2015-11-09T06:12:20.047Z - silly: [31ms[39m[33mi[39m[32ml[39m[34ml[39m[35my[39m[31m:[39m Binding route ::  get /v1/users/:id (BLUEPRINT: )
2015-11-09T06:12:20.049Z - silly: [31ms[39m[33mi[39m[32ml[39m[34ml[39m[35my[39m[31m:[39m Binding route ::  post /v1/users (POLICY: isAuthenticated)
2015-11-09T06:12:20.051Z - silly: [31ms[39m[33mi[39m[32ml[39m[34ml[39m[35my[39m[31m:[39m Binding route ::  post /v1/users (BLUEPRINT: )
2015-11-09T06:12:20.053Z - silly: [31ms[39m[33mi[39m[32ml[39m[34ml[39m[35my[39m[31m:[39m Binding route ::  put /v1/users/:id (POLICY: isAuthenticated)
2015-11-09T06:12:20.054Z - silly: [31ms[39m[33mi[39m[32ml[39m[34ml[39m[35my[39m[31m:[39m Binding route ::  put /v1/users/:id (BLUEPRINT: )
2015-11-09T06:12:20.056Z - silly: [31ms[39m[33mi[39m[32ml[39m[34ml[39m[35my[39m[31m:[39m Binding route ::  post /v1/users/:id (POLICY: isAuthenticated)
2015-11-09T06:12:20.057Z - silly: [31ms[39m[33mi[39m[32ml[39m[34ml[39m[35my[39m[31m:[39m Binding route ::  post /v1/users/:id (BLUEPRINT: )
2015-11-09T06:12:20.058Z - silly: [31ms[39m[33mi[39m[32ml[39m[34ml[39m[35my[39m[31m:[39m Binding route ::  delete /v1/users/:id? (POLICY: isAuthenticated)
2015-11-09T06:12:20.059Z - silly: [31ms[39m[33mi[39m[32ml[39m[34ml[39m[35my[39m[31m:[39m Binding route ::  delete /v1/users/:id? (BLUEPRINT: )
2015-11-09T06:12:20.060Z - silly: [31ms[39m[33mi[39m[32ml[39m[34ml[39m[35my[39m[31m:[39m Binding RESTful association blueprint `role` for user
2015-11-09T06:12:20.060Z - silly: [31ms[39m[33mi[39m[32ml[39m[34ml[39m[35my[39m[31m:[39m Binding route ::  get /v1/users/:parentid/role/:id? (POLICY: isAuthenticated)
2015-11-09T06:12:20.061Z - silly: [31ms[39m[33mi[39m[32ml[39m[34ml[39m[35my[39m[31m:[39m Binding route ::  get /v1/users/:parentid/role/:id? (BLUEPRINT: expand)
2015-11-09T06:12:20.062Z - silly: [31ms[39m[33mi[39m[32ml[39m[34ml[39m[35my[39m[31m:[39m Binding RESTful association blueprint `stateId` for user
2015-11-09T06:12:20.063Z - silly: [31ms[39m[33mi[39m[32ml[39m[34ml[39m[35my[39m[31m:[39m Binding route ::  get /v1/users/:parentid/stateId/:id? (POLICY: isAuthenticated)
2015-11-09T06:12:20.065Z - silly: [31ms[39m[33mi[39m[32ml[39m[34ml[39m[35my[39m[31m:[39m Binding route ::  get /v1/users/:parentid/stateId/:id? (BLUEPRINT: expand)
2015-11-09T06:12:20.068Z - verbose: [36mverbose: [39mAll hooks were loaded successfully.
2015-11-09T06:12:20.069Z - verbose: [36mverbose: [39mStarting app at /home/tenhsor/Proyectos/jukebuzz/jukebuzz-api...
2015-11-09T06:12:20.070Z - verbose: [36mverbose: [39mRunning the setup logic in `sails.config.bootstrap(cb)`...
2015-11-09T06:12:20.087Z - debug: [34mdebug: [39mRole had models, so no seed needed
2015-11-09T06:12:20.094Z - info: [32minfo: [39m
2015-11-09T06:12:20.095Z - info: [32minfo: [39m               .-..-.
2015-11-09T06:12:20.095Z - info: [32minfo: [39m
2015-11-09T06:12:20.096Z - info: [32minfo: [39m   Sails              <|    .-..-.
2015-11-09T06:12:20.097Z - info: [32minfo: [39m   v0.11.2             |\
2015-11-09T06:12:20.097Z - info: [32minfo: [39m                      /|.\
2015-11-09T06:12:20.098Z - info: [32minfo: [39m                     / || \
2015-11-09T06:12:20.098Z - info: [32minfo: [39m                   ,'  |'  \
2015-11-09T06:12:20.099Z - info: [32minfo: [39m                .-'.-==|/_--'
2015-11-09T06:12:20.100Z - info: [32minfo: [39m                `--'-------' 
2015-11-09T06:12:20.101Z - info: [32minfo: [39m   __---___--___---___--___---___--___
2015-11-09T06:12:20.102Z - info: [32minfo: [39m ____---___--___---___--___---___--___-__
2015-11-09T06:12:20.104Z - info: [32minfo: [39m
2015-11-09T06:12:20.104Z - info: [32minfo: [39mServer lifted in `/home/tenhsor/Proyectos/jukebuzz/jukebuzz-api`
2015-11-09T06:12:20.106Z - info: [32minfo: [39mTo see your app, visit [4mhttp://localhost:3000[24m
2015-11-09T06:12:20.106Z - info: [32minfo: [39mTo shut down Sails, press <CTRL> + C at any time.
2015-11-09T06:12:20.107Z - debug: [34mdebug: [39m[90m--------------------------------------------------------[39m
2015-11-09T06:12:20.109Z - debug: [34mdebug: [39m[90m:: Mon Nov 09 2015 00:12:20 GMT-0600 (CST)[39m
2015-11-09T06:12:20.109Z - debug: [34mdebug: [39mEnvironment : development
2015-11-09T06:12:20.110Z - debug: [34mdebug: [39mPort        : 3000
2015-11-09T06:12:20.110Z - debug: [34mdebug: [39m[90m--------------------------------------------------------[39m
2015-11-09T06:12:20.806Z - verbose: [36mverbose: [39msails-hook-sockets :: connected to Sails admin message bus.
2015-11-10T04:08:11.317Z - verbose: [36mverbose: [39mlogger hook loaded successfully.
2015-11-10T04:08:11.322Z - verbose: [36mverbose: [39mrequest hook loaded successfully.
2015-11-10T04:08:11.324Z - verbose: [36mverbose: [39mLoading the app's models and adapters...
2015-11-10T04:08:11.324Z - verbose: [36mverbose: [39mLoading app models...
2015-11-10T04:08:11.415Z - verbose: [36mverbose: [39mLoading app adapters...
2015-11-10T04:08:11.418Z - verbose: [36mverbose: [39mLoading blueprint middleware...
2015-11-10T04:08:14.187Z - verbose: [36mverbose: [39mblueprints hook loaded successfully.
2015-11-10T04:08:14.188Z - verbose: [36mverbose: [39mresponses hook loaded successfully.
2015-11-10T04:08:14.774Z - verbose: [36mverbose: [39mcontrollers hook loaded successfully.
2015-11-10T04:08:14.777Z - verbose: [36mverbose: [39mLoading policy modules from app...
2015-11-10T04:08:15.061Z - verbose: [36mverbose: [39mFinished loading policy middleware logic.
2015-11-10T04:08:15.061Z - verbose: [36mverbose: [39mpolicies hook loaded successfully.
2015-11-10T04:08:15.061Z - verbose: [36mverbose: [39mservices hook loaded successfully.
2015-11-10T04:08:15.062Z - verbose: [36mverbose: [39mcors hook loaded successfully.
2015-11-10T04:08:17.053Z - verbose: [36mverbose: [39mhttp hook loaded successfully.
2015-11-10T04:08:17.053Z - verbose: [36mverbose: [39mPreparing socket.io...
2015-11-10T04:08:17.337Z - verbose: [36mverbose: [39msockets hook loaded successfully.
2015-11-10T04:08:17.337Z - verbose: [36mverbose: [39mpluralize-only-rest-models hook loaded successfully.
2015-11-10T04:08:17.338Z - verbose: [36mverbose: [39mcron hook loaded successfully.
2015-11-10T04:08:17.344Z - verbose: [36mverbose: [39mLoading adapter ( sails-mysql ) for country  from `node_modules` directory...
2015-11-10T04:08:17.957Z - verbose: [36mverbose: [39mLoading adapter ( sails-mongo ) for place  from `node_modules` directory...
2015-11-10T04:08:20.392Z - debug: [34mdebug: [39mRole had models, so no seed needed
2015-11-10T04:08:20.398Z - info: [32minfo: [39m
2015-11-10T04:08:20.399Z - info: [32minfo: [39m               .-..-.
2015-11-10T04:08:20.399Z - info: [32minfo: [39m
2015-11-10T04:08:20.399Z - info: [32minfo: [39m   Sails              <|    .-..-.
2015-11-10T04:08:20.399Z - info: [32minfo: [39m   v0.11.2             |\
2015-11-10T04:08:20.400Z - info: [32minfo: [39m                      /|.\
2015-11-10T04:08:20.400Z - info: [32minfo: [39m                     / || \
2015-11-10T04:08:20.400Z - info: [32minfo: [39m                   ,'  |'  \
2015-11-10T04:08:20.400Z - info: [32minfo: [39m                .-'.-==|/_--'
2015-11-10T04:08:20.400Z - info: [32minfo: [39m                `--'-------' 
2015-11-10T04:08:20.401Z - info: [32minfo: [39m   __---___--___---___--___---___--___
2015-11-10T04:08:20.401Z - info: [32minfo: [39m ____---___--___---___--___---___--___-__
2015-11-10T04:08:20.401Z - info: [32minfo: [39m
2015-11-10T04:08:20.401Z - info: [32minfo: [39mServer lifted in `/home/tenhsor/Proyectos/jukebuzz/jukebuzz-api`
2015-11-10T04:08:20.402Z - info: [32minfo: [39mTo see your app, visit [4mhttp://localhost:3000[24m
2015-11-10T04:08:20.402Z - info: [32minfo: [39mTo shut down Sails, press <CTRL> + C at any time.
2015-11-10T04:08:20.402Z - debug: [34mdebug: [39m[90m--------------------------------------------------------[39m
2015-11-10T04:08:20.404Z - debug: [34mdebug: [39m[90m:: Mon Nov 09 2015 22:08:20 GMT-0600 (CST)[39m
2015-11-10T04:08:20.404Z - debug: [34mdebug: [39mEnvironment : development
2015-11-10T04:08:20.404Z - debug: [34mdebug: [39mPort        : 3000
2015-11-10T04:08:20.404Z - debug: [34mdebug: [39m[90m--------------------------------------------------------[39m
2015-11-10T04:08:21.233Z - verbose: [36mverbose: [39msails-hook-sockets :: connected to Sails admin message bus.
